#
# A fatal error has been detected by the Java Runtime Environment:
#
#  SIGSEGV (0xb) at pc=0x00007fcac03e193b, pid=12990, tid=0x00007fcac1eb6700
#
# JRE version: OpenJDK Runtime Environment (8.0_151-b12) (build 1.8.0_151-8u151-b12-0ubuntu0.17.10.2-b12)
# Java VM: OpenJDK 64-Bit Server VM (25.151-b12 mixed mode linux-amd64 compressed oops)
# Problematic frame:
# C  [libcuda.so.1+0x1ca93b]
#
# Failed to write core dump. Core dumps have been disabled. To enable core dumping, try "ulimit -c unlimited" before starting Java again
#
# If you would like to submit a bug report, please visit:
#   http://bugreport.java.com/bugreport/crash.jsp
# The crash happened outside the Java Virtual Machine in native code.
# See problematic frame for where to report the bug.
#

---------------  T H R E A D  ---------------

Current thread (0x00007fca88077800):  JavaThread "qtp1260342971-15" [_thread_in_native, id=13038, stack(0x00007fcac1db6000,0x00007fcac1eb7000)]

siginfo: si_signo: 11 (SIGSEGV), si_code: 1 (SEGV_MAPERR), si_addr: 0x0000000000000028

Registers:
RAX=0x0000000000000000, RBX=0x0000000000000000, RCX=0x00007fca25f68e60, RDX=0x0000000000000002
RSP=0x00007fcac1eb2d80, RBP=0x00007fcac1eb2f50, RSI=0x0000000000000001, RDI=0x00007fca25ec96c0
R8 =0x0000000000000000, R9 =0x0000000000000001, R10=0x00007fca7c0e9660, R11=0x0000000000000080
R12=0x00007fca25f68e60, R13=0x0000000000000001, R14=0x00007fca25ec96c0, R15=0x00007fca7c0e9660
RIP=0x00007fcac03e193b, EFLAGS=0x0000000000010206, CSGSFS=0x002b000000000033, ERR=0x0000000000000004
  TRAPNO=0x000000000000000e

Top of Stack: (sp=0x00007fcac1eb2d80)
0x00007fcac1eb2d80:   0000000000000068 0000000000000001
0x00007fcac1eb2d90:   0000000000000000 0000000000000000
0x00007fcac1eb2da0:   0000000000000000 0000000000000000
0x00007fcac1eb2db0:   00007fcac1eb2e40 0000000000000000
0x00007fcac1eb2dc0:   0000000000000000 0000000100000000
0x00007fcac1eb2dd0:   0000000000000000 0000000200000000
0x00007fcac1eb2de0:   0000000000000001 0000000000000000
0x00007fcac1eb2df0:   0000000100000002 0000000000000001
0x00007fcac1eb2e00:   0000000000000000 0000000000000000
0x00007fcac1eb2e10:   00007fca7c1fcd20 0000000000000068
0x00007fcac1eb2e20:   0000000000000000 fffffffe00000001
0x00007fcac1eb2e30:   0000000000000000 0000000000000000
0x00007fcac1eb2e40:   0000000000000000 0000000000000000
0x00007fcac1eb2e50:   0000000000000000 0000000000000001
0x00007fcac1eb2e60:   0000000000000001 0000000000000000
0x00007fcac1eb2e70:   0000000000000000 0000000000000000
0x00007fcac1eb2e80:   0000000000000000 0000000000000000
0x00007fcac1eb2e90:   0000000000438000 0001900000000400
0x00007fcac1eb2ea0:   0000077000000000 00010e0000002000
0x00007fcac1eb2eb0:   0000000000000001 00007fcac04c89b0
0x00007fcac1eb2ec0:   002000020c000202 00007fcac04c89b0
0x00007fcac1eb2ed0:   002000020c000202 00007fca00000000
0x00007fcac1eb2ee0:   002000020c000202 00007fca00000000
0x00007fcac1eb2ef0:   00007fca7c29c970 00007fcac051517c
0x00007fcac1eb2f00:   00007fca7c1ef3d0 00007fcac03e2c09
0x00007fcac1eb2f10:   000000000000004b 0000000000000000
0x00007fcac1eb2f20:   00007fcac0cd9414 0000000000000000
0x00007fcac1eb2f30:   00007fca25f68e60 0000000000000001
0x00007fcac1eb2f40:   0000000000000000 00007fca25ec96c0
0x00007fcac1eb2f50:   00007fca7c0e9660 00007fcac05111b6
0x00007fcac1eb2f60:   00007fca7c29c970 00007fcac049c006
0x00007fcac1eb2f70:   00007fca7c293b30 00007fca7c293b18 

Instructions: (pc=0x00007fcac03e193b)
0x00007fcac03e191b:   00 4c 89 85 70 fe ff ff 44 89 8d 7c fe ff ff 89
0x00007fcac03e192b:   b5 90 fe ff ff 48 c7 85 b0 fe ff ff 00 00 00 00
0x00007fcac03e193b:   80 78 28 00 48 c7 85 c0 fe ff ff 00 00 00 00 48
0x00007fcac03e194b:   c7 85 d0 fe ff ff 00 00 00 00 48 c7 85 f0 fe ff 

Register to memory mapping:

RAX=0x0000000000000000 is an unknown value
RBX=0x0000000000000000 is an unknown value
RCX=0x00007fca25f68e60 is an unknown value
RDX=0x0000000000000002 is an unknown value
RSP=0x00007fcac1eb2d80 is pointing into the stack for thread: 0x00007fca88077800
RBP=0x00007fcac1eb2f50 is pointing into the stack for thread: 0x00007fca88077800
RSI=0x0000000000000001 is an unknown value
RDI=0x00007fca25ec96c0 is an unknown value
R8 =0x0000000000000000 is an unknown value
R9 =0x0000000000000001 is an unknown value
R10=0x00007fca7c0e9660 is an unknown value
R11=0x0000000000000080 is an unknown value
R12=0x00007fca25f68e60 is an unknown value
R13=0x0000000000000001 is an unknown value
R14=0x00007fca25ec96c0 is an unknown value
R15=0x00007fca7c0e9660 is an unknown value


Stack: [0x00007fcac1db6000,0x00007fcac1eb7000],  sp=0x00007fcac1eb2d80,  free space=1011k
Native frames: (J=compiled Java code, j=interpreted, Vv=VM code, C=native code)
C  [libcuda.so.1+0x1ca93b]
C  [libcuda.so.1+0x2fa1b6]

Java frames: (J=compiled Java code, j=interpreted, Vv=VM code)
J 927  com.sun.jna.Native.invokeInt(Lcom/sun/jna/Function;JI[Ljava/lang/Object;)I (0 bytes) @ 0x00007fcb3892a0e9 [0x00007fcb3892a080+0x69]
J 993 C2 com.sun.jna.Function.invoke([Ljava/lang/Object;Ljava/lang/Class;ZI)Ljava/lang/Object; (769 bytes) @ 0x00007fcb3899de40 [0x00007fcb3899dd00+0x140]
J 978 C2 com.sun.jna.Function.invoke(Ljava/lang/reflect/Method;[Ljava/lang/Class;Ljava/lang/Class;[Ljava/lang/Object;Ljava/util/Map;)Ljava/lang/Object; (548 bytes) @ 0x00007fcb38b4beb0 [0x00007fcb38b4b2e0+0xbd0]
J 994 C2 com.sun.jna.Library$Handler.invoke(Ljava/lang/Object;Ljava/lang/reflect/Method;[Ljava/lang/Object;)Ljava/lang/Object; (348 bytes) @ 0x00007fcb38b67a10 [0x00007fcb38b67560+0x4b0]
J 1003 C1 com.sun.proxy.$Proxy1.cusolverDnDormqr(Lcom/sun/jna/Pointer;IIIIILcom/sun/jna/Pointer;ILcom/sun/jna/Pointer;Lcom/sun/jna/Pointer;ILcom/sun/jna/Pointer;ILcom/sun/jna/Pointer;)I (137 bytes) @ 0x00007fcb38b7eb7c [0x00007fcb38b7c860+0x231c]
J 1002 C1 com.rc.Cuda.solve(Lcom/rc/Matrix;Lcom/rc/Matrix;)Lcom/rc/Matrix; (679 bytes) @ 0x00007fcb38b77bbc [0x00007fcb38b76300+0x18bc]
J 998 C1 com.datumbox.opensource.clustering.GaussianCluster.posteriorLogPdf(Lcom/datumbox/opensource/dataobjects/Point;)D (68 bytes) @ 0x00007fcb38b57ed4 [0x00007fcb38b57c60+0x274]
j  com.datumbox.opensource.clustering.DPMM.clusterProbabilities(Lcom/datumbox/opensource/dataobjects/Point;I)[D+40
j  com.datumbox.opensource.clustering.DPMM.collapsedGibbsSampling(Ljava/util/List;I)I+307
j  com.datumbox.opensource.clustering.DPMM.cluster(Ljava/util/List;I)I+12
j  com.rc.DpmmcDataProcessor.process(Lcom/rc/Dataset;)Ljava/lang/Object;+273
j  com.rc.DataProcessor.process(Ljava/io/InputStream;Lcom/rc/ProcessorOptions;)Ljava/lang/Object;+13
j  com.rc.Monitor.postData(Lspark/Request;Lspark/Response;)Ljava/lang/Object;+267
j  com.rc.Monitor$$Lambda$9.handle(Lspark/Request;Lspark/Response;)Ljava/lang/Object;+6
j  spark.ResponseTransformerRouteImpl$1.handle(Lspark/Request;Lspark/Response;)Ljava/lang/Object;+6
j  spark.http.matching.Routes.execute(Lspark/http/matching/RouteContext;)V+171
j  spark.http.matching.MatcherFilter.doFilter(Ljavax/servlet/ServletRequest;Ljavax/servlet/ServletResponse;Ljavax/servlet/FilterChain;)V+154
j  spark.embeddedserver.jetty.JettyHandler.doHandle(Ljava/lang/String;Lorg/eclipse/jetty/server/Request;Ljavax/servlet/http/HttpServletRequest;Ljavax/servlet/http/HttpServletResponse;)V+19
j  org.eclipse.jetty.server.session.SessionHandler.doScope(Ljava/lang/String;Lorg/eclipse/jetty/server/Request;Ljavax/servlet/http/HttpServletRequest;Ljavax/servlet/http/HttpServletResponse;)V+240
j  org.eclipse.jetty.server.handler.ScopedHandler.handle(Ljava/lang/String;Lorg/eclipse/jetty/server/Request;Ljavax/servlet/http/HttpServletRequest;Ljavax/servlet/http/HttpServletResponse;)V+20
j  org.eclipse.jetty.server.handler.HandlerWrapper.handle(Ljava/lang/String;Lorg/eclipse/jetty/server/Request;Ljavax/servlet/http/HttpServletRequest;Ljavax/servlet/http/HttpServletResponse;)V+18
j  org.eclipse.jetty.server.Server.handle(Lorg/eclipse/jetty/server/HttpChannel;)V+141
j  org.eclipse.jetty.server.HttpChannel.handle()Z+317
j  org.eclipse.jetty.server.HttpConnection.onFillable()V+127
j  org.eclipse.jetty.io.AbstractConnection$ReadCallback.succeeded()V+4
j  org.eclipse.jetty.io.FillInterest.fillable()V+61
j  org.eclipse.jetty.io.ChannelEndPoint$2.run()V+7
j  org.eclipse.jetty.util.thread.Invocable.invokePreferred(Ljava/lang/Runnable;Lorg/eclipse/jetty/util/thread/Invocable$InvocationType;)V+37
j  org.eclipse.jetty.util.thread.Invocable$InvocableExecutor.invoke(Ljava/lang/Runnable;)V+38
j  org.eclipse.jetty.util.thread.strategy.EatWhatYouKill.doProduce()V+556
j  org.eclipse.jetty.util.thread.strategy.EatWhatYouKill.produce()V+191
j  org.eclipse.jetty.io.ManagedSelector$$Lambda$14.run()V+4
j  org.eclipse.jetty.util.thread.QueuedThreadPool.runJob(Ljava/lang/Runnable;)V+1
j  org.eclipse.jetty.util.thread.QueuedThreadPool$2.run()V+104
j  java.lang.Thread.run()V+11
v  ~StubRoutines::call_stub

---------------  P R O C E S S  ---------------

Java Threads: ( => current thread )
  0x00007fca1c001800 JavaThread "qtp1260342971-29" [_thread_blocked, id=13175, stack(0x00007fca4cefd000,0x00007fca4cffe000)]
  0x00007fca6417f800 JavaThread "qtp1260342971-27" [_thread_blocked, id=13173, stack(0x00007fcac0095000,0x00007fcac0196000)]
  0x00007fca64011000 JavaThread "Scheduler-873776349" [_thread_blocked, id=13054, stack(0x00007fcac14ad000,0x00007fcac15ae000)]
  0x00007fcb4800f000 JavaThread "DestroyJavaVM" [_thread_blocked, id=12996, stack(0x00007fcb4fd93000,0x00007fcb4fe94000)]
  0x00007fca8809c000 JavaThread "Scheduler-2089994344" [_thread_blocked, id=13049, stack(0x00007fcac15ae000,0x00007fcac16af000)]
  0x00007fca88084800 JavaThread "qtp1260342971-22" [_thread_blocked, id=13045, stack(0x00007fcac16af000,0x00007fcac17b0000)]
  0x00007fca88083000 JavaThread "qtp1260342971-21" [_thread_in_native, id=13044, stack(0x00007fcac17b0000,0x00007fcac18b1000)]
  0x00007fca88081000 JavaThread "qtp1260342971-20" [_thread_in_native, id=13043, stack(0x00007fcac18b1000,0x00007fcac19b2000)]
  0x00007fca8807f800 JavaThread "qtp1260342971-19-acceptor-0@73ab7ff4-ServerConnector@c5d52a1{HTTP/1.1,[http/1.1]}{0.0.0.0:8111}" [_thread_in_native, id=13042, stack(0x00007fcac19b2000,0x00007fcac1ab3000)]
  0x00007fca8807d800 JavaThread "qtp1260342971-18" [_thread_in_native, id=13041, stack(0x00007fcac1ab3000,0x00007fcac1bb4000)]
  0x00007fca8807c000 JavaThread "qtp1260342971-17" [_thread_in_native, id=13040, stack(0x00007fcac1bb4000,0x00007fcac1cb5000)]
  0x00007fca8807b000 JavaThread "qtp1260342971-16" [_thread_in_native, id=13039, stack(0x00007fcac1cb5000,0x00007fcac1db6000)]
=>0x00007fca88077800 JavaThread "qtp1260342971-15" [_thread_in_native, id=13038, stack(0x00007fcac1db6000,0x00007fcac1eb7000)]
  0x00007fcb48650000 JavaThread "Thread-0" [_thread_blocked, id=13037, stack(0x00007fcac22c1000,0x00007fcac23c2000)]
  0x00007fcb4823f800 JavaThread "Service Thread" daemon [_thread_blocked, id=13035, stack(0x00007fcac28ee000,0x00007fcac29ef000)]
  0x00007fcb4822c000 JavaThread "C1 CompilerThread3" daemon [_thread_blocked, id=13034, stack(0x00007fcac29ef000,0x00007fcac2af0000)]
  0x00007fcb4822a000 JavaThread "C2 CompilerThread2" daemon [_thread_blocked, id=13033, stack(0x00007fcac2af0000,0x00007fcac2bf1000)]
  0x00007fcb48228000 JavaThread "C2 CompilerThread1" daemon [_thread_in_native, id=13032, stack(0x00007fcac2bf1000,0x00007fcac2cf2000)]
  0x00007fcb48226000 JavaThread "C2 CompilerThread0" daemon [_thread_blocked, id=13031, stack(0x00007fcac2cf2000,0x00007fcac2df3000)]
  0x00007fcaa4001000 JavaThread "JDWP Command Reader" daemon [_thread_in_native, id=13027, stack(0x00007fcac2df3000,0x00007fcac2ef4000)]
  0x00007fcb48223800 JavaThread "JDWP Event Helper Thread" daemon [_thread_blocked, id=13025, stack(0x00007fcac2ef4000,0x00007fcac2ff5000)]
  0x00007fcb48220000 JavaThread "JDWP Transport Listener: dt_socket" daemon [_thread_blocked, id=13023, stack(0x00007fcac2ff5000,0x00007fcac30f6000)]
  0x00007fcb48210000 JavaThread "Signal Dispatcher" daemon [_thread_blocked, id=13021, stack(0x00007fcac32fb000,0x00007fcac33fc000)]
  0x00007fcb4820e800 JavaThread "Surrogate Locker Thread (Concurrent GC)" daemon [_thread_blocked, id=13020, stack(0x00007fcac33fc000,0x00007fcac34fd000)]
  0x00007fcb481e7800 JavaThread "Finalizer" daemon [_thread_blocked, id=13019, stack(0x00007fcac34fd000,0x00007fcac35fe000)]
  0x00007fcb481e3000 JavaThread "Reference Handler" daemon [_thread_blocked, id=13018, stack(0x00007fcac35fe000,0x00007fcac36ff000)]

Other Threads:
  0x00007fcb481db800 VMThread [stack: 0x00007fcac36ff000,0x00007fcac3800000] [id=13017]
  0x00007fcb48242800 WatcherThread [stack: 0x00007fcac27ed000,0x00007fcac28ee000] [id=13036]

VM state:not at safepoint (normal execution)

VM Mutex/Monitor currently owned by a thread: None

Heap:
 garbage-first heap   total 256000K, used 35149K [0x00000004c0000000, 0x00000004c02003e8, 0x00000007c0000000)
  region size 2048K, 18 young (36864K), 2 survivors (4096K)
 Metaspace       used 13181K, capacity 13366K, committed 13696K, reserved 1060864K
  class space    used 1532K, capacity 1599K, committed 1664K, reserved 1048576K

Heap Regions: (Y=young(eden), SU=young(survivor), HS=humongous(starts), HC=humongous(continues), CS=collection set, F=free, TS=gc time stamp, PTAMS=previous top-at-mark-start, NTAMS=next top-at-mark-start)
AC   0  O    TS     1 PTAMS 0x00000004c0000000 NTAMS 0x00000004c0000000 space 2048K,  16% used [0x00000004c0000000, 0x00000004c0200000)
AC   0  F    TS     0 PTAMS 0x00000004c0200000 NTAMS 0x00000004c0200000 space 2048K,   0% used [0x00000004c0200000, 0x00000004c0400000)
AC   0  F    TS     0 PTAMS 0x00000004c0400000 NTAMS 0x00000004c0400000 space 2048K,   0% used [0x00000004c0400000, 0x00000004c0600000)
AC   0  F    TS     0 PTAMS 0x00000004c0600000 NTAMS 0x00000004c0600000 space 2048K,   0% used [0x00000004c0600000, 0x00000004c0800000)
AC   0  F    TS     0 PTAMS 0x00000004c0800000 NTAMS 0x00000004c0800000 space 2048K,   0% used [0x00000004c0800000, 0x00000004c0a00000)
AC   0  F    TS     0 PTAMS 0x00000004c0a00000 NTAMS 0x00000004c0a00000 space 2048K,   0% used [0x00000004c0a00000, 0x00000004c0c00000)
AC   0  F    TS     0 PTAMS 0x00000004c0c00000 NTAMS 0x00000004c0c00000 space 2048K,   0% used [0x00000004c0c00000, 0x00000004c0e00000)
AC   0  F    TS     0 PTAMS 0x00000004c0e00000 NTAMS 0x00000004c0e00000 space 2048K,   0% used [0x00000004c0e00000, 0x00000004c1000000)
AC   0  F    TS     0 PTAMS 0x00000004c1000000 NTAMS 0x00000004c1000000 space 2048K,   0% used [0x00000004c1000000, 0x00000004c1200000)
AC   0  F    TS     0 PTAMS 0x00000004c1200000 NTAMS 0x00000004c1200000 space 2048K,   0% used [0x00000004c1200000, 0x00000004c1400000)
AC   0  F    TS     0 PTAMS 0x00000004c1400000 NTAMS 0x00000004c1400000 space 2048K,   0% used [0x00000004c1400000, 0x00000004c1600000)
AC   0  F    TS     0 PTAMS 0x00000004c1600000 NTAMS 0x00000004c1600000 space 2048K,   0% used [0x00000004c1600000, 0x00000004c1800000)
AC   0  F    TS     0 PTAMS 0x00000004c1800000 NTAMS 0x00000004c1800000 space 2048K,   0% used [0x00000004c1800000, 0x00000004c1a00000)
AC   0  F    TS     0 PTAMS 0x00000004c1a00000 NTAMS 0x00000004c1a00000 space 2048K,   0% used [0x00000004c1a00000, 0x00000004c1c00000)
AC   0  F    TS     0 PTAMS 0x00000004c1c00000 NTAMS 0x00000004c1c00000 space 2048K,   0% used [0x00000004c1c00000, 0x00000004c1e00000)
AC   0  F    TS     0 PTAMS 0x00000004c1e00000 NTAMS 0x00000004c1e00000 space 2048K,   0% used [0x00000004c1e00000, 0x00000004c2000000)
AC   0  F    TS     0 PTAMS 0x00000004c2000000 NTAMS 0x00000004c2000000 space 2048K,   0% used [0x00000004c2000000, 0x00000004c2200000)
AC   0  F    TS     0 PTAMS 0x00000004c2200000 NTAMS 0x00000004c2200000 space 2048K,   0% used [0x00000004c2200000, 0x00000004c2400000)
AC   0  F    TS     0 PTAMS 0x00000004c2400000 NTAMS 0x00000004c2400000 space 2048K,   0% used [0x00000004c2400000, 0x00000004c2600000)
AC   0  F    TS     0 PTAMS 0x00000004c2600000 NTAMS 0x00000004c2600000 space 2048K,   0% used [0x00000004c2600000, 0x00000004c2800000)
AC   0  F    TS     0 PTAMS 0x00000004c2800000 NTAMS 0x00000004c2800000 space 2048K,   0% used [0x00000004c2800000, 0x00000004c2a00000)
AC   0  F    TS     0 PTAMS 0x00000004c2a00000 NTAMS 0x00000004c2a00000 space 2048K,   0% used [0x00000004c2a00000, 0x00000004c2c00000)
AC   0  F    TS     0 PTAMS 0x00000004c2c00000 NTAMS 0x00000004c2c00000 space 2048K,   0% used [0x00000004c2c00000, 0x00000004c2e00000)
AC   0  F    TS     0 PTAMS 0x00000004c2e00000 NTAMS 0x00000004c2e00000 space 2048K,   0% used [0x00000004c2e00000, 0x00000004c3000000)
AC   0  F    TS     0 PTAMS 0x00000004c3000000 NTAMS 0x00000004c3000000 space 2048K,   0% used [0x00000004c3000000, 0x00000004c3200000)
AC   0  F    TS     0 PTAMS 0x00000004c3200000 NTAMS 0x00000004c3200000 space 2048K,   0% used [0x00000004c3200000, 0x00000004c3400000)
AC   0  F    TS     0 PTAMS 0x00000004c3400000 NTAMS 0x00000004c3400000 space 2048K,   0% used [0x00000004c3400000, 0x00000004c3600000)
AC   0  F    TS     0 PTAMS 0x00000004c3600000 NTAMS 0x00000004c3600000 space 2048K,   0% used [0x00000004c3600000, 0x00000004c3800000)
AC   0  F    TS     0 PTAMS 0x00000004c3800000 NTAMS 0x00000004c3800000 space 2048K,   0% used [0x00000004c3800000, 0x00000004c3a00000)
AC   0  F    TS     0 PTAMS 0x00000004c3a00000 NTAMS 0x00000004c3a00000 space 2048K,   0% used [0x00000004c3a00000, 0x00000004c3c00000)
AC   0  F    TS     0 PTAMS 0x00000004c3c00000 NTAMS 0x00000004c3c00000 space 2048K,   0% used [0x00000004c3c00000, 0x00000004c3e00000)
AC   0  F    TS     0 PTAMS 0x00000004c3e00000 NTAMS 0x00000004c3e00000 space 2048K,   0% used [0x00000004c3e00000, 0x00000004c4000000)
AC   0  F    TS     0 PTAMS 0x00000004c4000000 NTAMS 0x00000004c4000000 space 2048K,   0% used [0x00000004c4000000, 0x00000004c4200000)
AC   0  F    TS     0 PTAMS 0x00000004c4200000 NTAMS 0x00000004c4200000 space 2048K,   0% used [0x00000004c4200000, 0x00000004c4400000)
AC   0  F    TS     0 PTAMS 0x00000004c4400000 NTAMS 0x00000004c4400000 space 2048K,   0% used [0x00000004c4400000, 0x00000004c4600000)
AC   0  F    TS     0 PTAMS 0x00000004c4600000 NTAMS 0x00000004c4600000 space 2048K,   0% used [0x00000004c4600000, 0x00000004c4800000)
AC   0  F    TS     0 PTAMS 0x00000004c4800000 NTAMS 0x00000004c4800000 space 2048K,   0% used [0x00000004c4800000, 0x00000004c4a00000)
AC   0  F    TS     0 PTAMS 0x00000004c4a00000 NTAMS 0x00000004c4a00000 space 2048K,   0% used [0x00000004c4a00000, 0x00000004c4c00000)
AC   0  F    TS     0 PTAMS 0x00000004c4c00000 NTAMS 0x00000004c4c00000 space 2048K,   0% used [0x00000004c4c00000, 0x00000004c4e00000)
AC   0  F    TS     0 PTAMS 0x00000004c4e00000 NTAMS 0x00000004c4e00000 space 2048K,   0% used [0x00000004c4e00000, 0x00000004c5000000)
AC   0  F    TS     0 PTAMS 0x00000004c5000000 NTAMS 0x00000004c5000000 space 2048K,   0% used [0x00000004c5000000, 0x00000004c5200000)
AC   0  F    TS     0 PTAMS 0x00000004c5200000 NTAMS 0x00000004c5200000 space 2048K,   0% used [0x00000004c5200000, 0x00000004c5400000)
AC   0  F    TS     0 PTAMS 0x00000004c5400000 NTAMS 0x00000004c5400000 space 2048K,   0% used [0x00000004c5400000, 0x00000004c5600000)
AC   0  F    TS     0 PTAMS 0x00000004c5600000 NTAMS 0x00000004c5600000 space 2048K,   0% used [0x00000004c5600000, 0x00000004c5800000)
AC   0  F    TS     0 PTAMS 0x00000004c5800000 NTAMS 0x00000004c5800000 space 2048K,   0% used [0x00000004c5800000, 0x00000004c5a00000)
AC   0  F    TS     0 PTAMS 0x00000004c5a00000 NTAMS 0x00000004c5a00000 space 2048K,   0% used [0x00000004c5a00000, 0x00000004c5c00000)
AC   0  F    TS     0 PTAMS 0x00000004c5c00000 NTAMS 0x00000004c5c00000 space 2048K,   0% used [0x00000004c5c00000, 0x00000004c5e00000)
AC   0  F    TS     0 PTAMS 0x00000004c5e00000 NTAMS 0x00000004c5e00000 space 2048K,   0% used [0x00000004c5e00000, 0x00000004c6000000)
AC   0  F    TS     0 PTAMS 0x00000004c6000000 NTAMS 0x00000004c6000000 space 2048K,   0% used [0x00000004c6000000, 0x00000004c6200000)
AC   0  F    TS     0 PTAMS 0x00000004c6200000 NTAMS 0x00000004c6200000 space 2048K,   0% used [0x00000004c6200000, 0x00000004c6400000)
AC   0  F    TS     0 PTAMS 0x00000004c6400000 NTAMS 0x00000004c6400000 space 2048K,   0% used [0x00000004c6400000, 0x00000004c6600000)
AC   0  F    TS     0 PTAMS 0x00000004c6600000 NTAMS 0x00000004c6600000 space 2048K,   0% used [0x00000004c6600000, 0x00000004c6800000)
AC   0  F    TS     0 PTAMS 0x00000004c6800000 NTAMS 0x00000004c6800000 space 2048K,   0% used [0x00000004c6800000, 0x00000004c6a00000)
AC   0  F    TS     0 PTAMS 0x00000004c6a00000 NTAMS 0x00000004c6a00000 space 2048K,   0% used [0x00000004c6a00000, 0x00000004c6c00000)
AC   0  F    TS     0 PTAMS 0x00000004c6c00000 NTAMS 0x00000004c6c00000 space 2048K,   0% used [0x00000004c6c00000, 0x00000004c6e00000)
AC   0  F    TS     0 PTAMS 0x00000004c6e00000 NTAMS 0x00000004c6e00000 space 2048K,   0% used [0x00000004c6e00000, 0x00000004c7000000)
AC   0  F    TS     0 PTAMS 0x00000004c7000000 NTAMS 0x00000004c7000000 space 2048K,   0% used [0x00000004c7000000, 0x00000004c7200000)
AC   0  F    TS     0 PTAMS 0x00000004c7200000 NTAMS 0x00000004c7200000 space 2048K,   0% used [0x00000004c7200000, 0x00000004c7400000)
AC   0  F    TS     0 PTAMS 0x00000004c7400000 NTAMS 0x00000004c7400000 space 2048K,   0% used [0x00000004c7400000, 0x00000004c7600000)
AC   0  F    TS     0 PTAMS 0x00000004c7600000 NTAMS 0x00000004c7600000 space 2048K,   0% used [0x00000004c7600000, 0x00000004c7800000)
AC   0  F    TS     0 PTAMS 0x00000004c7800000 NTAMS 0x00000004c7800000 space 2048K,   0% used [0x00000004c7800000, 0x00000004c7a00000)
AC   0  F    TS     0 PTAMS 0x00000004c7a00000 NTAMS 0x00000004c7a00000 space 2048K,   0% used [0x00000004c7a00000, 0x00000004c7c00000)
AC   0  F    TS     0 PTAMS 0x00000004c7c00000 NTAMS 0x00000004c7c00000 space 2048K,   0% used [0x00000004c7c00000, 0x00000004c7e00000)
AC   0  F    TS     0 PTAMS 0x00000004c7e00000 NTAMS 0x00000004c7e00000 space 2048K,   0% used [0x00000004c7e00000, 0x00000004c8000000)
AC   0  F    TS     0 PTAMS 0x00000004c8000000 NTAMS 0x00000004c8000000 space 2048K,   0% used [0x00000004c8000000, 0x00000004c8200000)
AC   0  F    TS     0 PTAMS 0x00000004c8200000 NTAMS 0x00000004c8200000 space 2048K,   0% used [0x00000004c8200000, 0x00000004c8400000)
AC   0  F    TS     0 PTAMS 0x00000004c8400000 NTAMS 0x00000004c8400000 space 2048K,   0% used [0x00000004c8400000, 0x00000004c8600000)
AC   0  F    TS     0 PTAMS 0x00000004c8600000 NTAMS 0x00000004c8600000 space 2048K,   0% used [0x00000004c8600000, 0x00000004c8800000)
AC   0  F    TS     0 PTAMS 0x00000004c8800000 NTAMS 0x00000004c8800000 space 2048K,   0% used [0x00000004c8800000, 0x00000004c8a00000)
AC   0  F    TS     0 PTAMS 0x00000004c8a00000 NTAMS 0x00000004c8a00000 space 2048K,   0% used [0x00000004c8a00000, 0x00000004c8c00000)
AC   0  F    TS     0 PTAMS 0x00000004c8c00000 NTAMS 0x00000004c8c00000 space 2048K,   0% used [0x00000004c8c00000, 0x00000004c8e00000)
AC   0  F    TS     0 PTAMS 0x00000004c8e00000 NTAMS 0x00000004c8e00000 space 2048K,   0% used [0x00000004c8e00000, 0x00000004c9000000)
AC   0  F    TS     0 PTAMS 0x00000004c9000000 NTAMS 0x00000004c9000000 space 2048K,   0% used [0x00000004c9000000, 0x00000004c9200000)
AC   0  F    TS     0 PTAMS 0x00000004c9200000 NTAMS 0x00000004c9200000 space 2048K,   0% used [0x00000004c9200000, 0x00000004c9400000)
AC   0  F    TS     0 PTAMS 0x00000004c9400000 NTAMS 0x00000004c9400000 space 2048K,   0% used [0x00000004c9400000, 0x00000004c9600000)
AC   0  F    TS     0 PTAMS 0x00000004c9600000 NTAMS 0x00000004c9600000 space 2048K,   0% used [0x00000004c9600000, 0x00000004c9800000)
AC   0  F    TS     0 PTAMS 0x00000004c9800000 NTAMS 0x00000004c9800000 space 2048K,   0% used [0x00000004c9800000, 0x00000004c9a00000)
AC   0  F    TS     0 PTAMS 0x00000004c9a00000 NTAMS 0x00000004c9a00000 space 2048K,   0% used [0x00000004c9a00000, 0x00000004c9c00000)
AC   0  F    TS     0 PTAMS 0x00000004c9c00000 NTAMS 0x00000004c9c00000 space 2048K,   0% used [0x00000004c9c00000, 0x00000004c9e00000)
AC   0  F    TS     0 PTAMS 0x00000004c9e00000 NTAMS 0x00000004c9e00000 space 2048K,   0% used [0x00000004c9e00000, 0x00000004ca000000)
AC   0  F    TS     0 PTAMS 0x00000004ca000000 NTAMS 0x00000004ca000000 space 2048K,   0% used [0x00000004ca000000, 0x00000004ca200000)
AC   0  F    TS     0 PTAMS 0x00000004ca200000 NTAMS 0x00000004ca200000 space 2048K,   0% used [0x00000004ca200000, 0x00000004ca400000)
AC   0  F    TS     0 PTAMS 0x00000004ca400000 NTAMS 0x00000004ca400000 space 2048K,   0% used [0x00000004ca400000, 0x00000004ca600000)
AC   0  F    TS     0 PTAMS 0x00000004ca600000 NTAMS 0x00000004ca600000 space 2048K,   0% used [0x00000004ca600000, 0x00000004ca800000)
AC   0  F    TS     0 PTAMS 0x00000004ca800000 NTAMS 0x00000004ca800000 space 2048K,   0% used [0x00000004ca800000, 0x00000004caa00000)
AC   0  F    TS     0 PTAMS 0x00000004caa00000 NTAMS 0x00000004caa00000 space 2048K,   0% used [0x00000004caa00000, 0x00000004cac00000)
AC   0  F    TS     0 PTAMS 0x00000004cac00000 NTAMS 0x00000004cac00000 space 2048K,   0% used [0x00000004cac00000, 0x00000004cae00000)
AC   0  F    TS     0 PTAMS 0x00000004cae00000 NTAMS 0x00000004cae00000 space 2048K,   0% used [0x00000004cae00000, 0x00000004cb000000)
AC   0  F    TS     0 PTAMS 0x00000004cb000000 NTAMS 0x00000004cb000000 space 2048K,   0% used [0x00000004cb000000, 0x00000004cb200000)
AC   0  F    TS     0 PTAMS 0x00000004cb200000 NTAMS 0x00000004cb200000 space 2048K,   0% used [0x00000004cb200000, 0x00000004cb400000)
AC   0  F    TS     0 PTAMS 0x00000004cb400000 NTAMS 0x00000004cb400000 space 2048K,   0% used [0x00000004cb400000, 0x00000004cb600000)
AC   0  F    TS     0 PTAMS 0x00000004cb600000 NTAMS 0x00000004cb600000 space 2048K,   0% used [0x00000004cb600000, 0x00000004cb800000)
AC   0  F    TS     0 PTAMS 0x00000004cb800000 NTAMS 0x00000004cb800000 space 2048K,   0% used [0x00000004cb800000, 0x00000004cba00000)
AC   0  F    TS     0 PTAMS 0x00000004cba00000 NTAMS 0x00000004cba00000 space 2048K,   0% used [0x00000004cba00000, 0x00000004cbc00000)
AC   0  F    TS     0 PTAMS 0x00000004cbc00000 NTAMS 0x00000004cbc00000 space 2048K,   0% used [0x00000004cbc00000, 0x00000004cbe00000)
AC   0  F    TS     0 PTAMS 0x00000004cbe00000 NTAMS 0x00000004cbe00000 space 2048K,   0% used [0x00000004cbe00000, 0x00000004cc000000)
AC   0  F    TS     0 PTAMS 0x00000004cc000000 NTAMS 0x00000004cc000000 space 2048K,   0% used [0x00000004cc000000, 0x00000004cc200000)
AC   0  F    TS     0 PTAMS 0x00000004cc200000 NTAMS 0x00000004cc200000 space 2048K,   0% used [0x00000004cc200000, 0x00000004cc400000)
AC   0  F    TS     0 PTAMS 0x00000004cc400000 NTAMS 0x00000004cc400000 space 2048K,   0% used [0x00000004cc400000, 0x00000004cc600000)
AC   0  F    TS     0 PTAMS 0x00000004cc600000 NTAMS 0x00000004cc600000 space 2048K,   0% used [0x00000004cc600000, 0x00000004cc800000)
AC   0  F    TS     0 PTAMS 0x00000004cc800000 NTAMS 0x00000004cc800000 space 2048K,   0% used [0x00000004cc800000, 0x00000004cca00000)
AC   0  F    TS     0 PTAMS 0x00000004cca00000 NTAMS 0x00000004cca00000 space 2048K,   0% used [0x00000004cca00000, 0x00000004ccc00000)
AC   0  F    TS     0 PTAMS 0x00000004ccc00000 NTAMS 0x00000004ccc00000 space 2048K,   0% used [0x00000004ccc00000, 0x00000004cce00000)
AC   0  F    TS     0 PTAMS 0x00000004cce00000 NTAMS 0x00000004cce00000 space 2048K,   0% used [0x00000004cce00000, 0x00000004cd000000)
AC   0  F    TS     0 PTAMS 0x00000004cd000000 NTAMS 0x00000004cd000000 space 2048K,   0% used [0x00000004cd000000, 0x00000004cd200000)
AC   0  F    TS     0 PTAMS 0x00000004cd200000 NTAMS 0x00000004cd200000 space 2048K,   0% used [0x00000004cd200000, 0x00000004cd400000)
AC   0  F    TS     0 PTAMS 0x00000004cd400000 NTAMS 0x00000004cd400000 space 2048K,   0% used [0x00000004cd400000, 0x00000004cd600000)
AC   0  E    TS     0 PTAMS 0x00000004cd600000 NTAMS 0x00000004cd600000 space 2048K, 100% used [0x00000004cd600000, 0x00000004cd800000)
AC   0  E CS TS     0 PTAMS 0x00000004cd800000 NTAMS 0x00000004cd800000 space 2048K, 100% used [0x00000004cd800000, 0x00000004cda00000)
AC   0  E CS TS     0 PTAMS 0x00000004cda00000 NTAMS 0x00000004cda00000 space 2048K, 100% used [0x00000004cda00000, 0x00000004cdc00000)
AC   0  E CS TS     0 PTAMS 0x00000004cdc00000 NTAMS 0x00000004cdc00000 space 2048K, 100% used [0x00000004cdc00000, 0x00000004cde00000)
AC   0  S CS TS     1 PTAMS 0x00000004cde00000 NTAMS 0x00000004cde00000 space 2048K, 100% used [0x00000004cde00000, 0x00000004ce000000)
AC   0  S CS TS     1 PTAMS 0x00000004ce000000 NTAMS 0x00000004ce000000 space 2048K, 100% used [0x00000004ce000000, 0x00000004ce200000)
AC   0  E CS TS     0 PTAMS 0x00000004ce200000 NTAMS 0x00000004ce200000 space 2048K, 100% used [0x00000004ce200000, 0x00000004ce400000)
AC   0  E CS TS     0 PTAMS 0x00000004ce400000 NTAMS 0x00000004ce400000 space 2048K, 100% used [0x00000004ce400000, 0x00000004ce600000)
AC   0  E CS TS     0 PTAMS 0x00000004ce600000 NTAMS 0x00000004ce600000 space 2048K, 100% used [0x00000004ce600000, 0x00000004ce800000)
AC   0  E CS TS     0 PTAMS 0x00000004ce800000 NTAMS 0x00000004ce800000 space 2048K, 100% used [0x00000004ce800000, 0x00000004cea00000)
AC   0  E CS TS     0 PTAMS 0x00000004cea00000 NTAMS 0x00000004cea00000 space 2048K, 100% used [0x00000004cea00000, 0x00000004cec00000)
AC   0  E CS TS     0 PTAMS 0x00000004cec00000 NTAMS 0x00000004cec00000 space 2048K, 100% used [0x00000004cec00000, 0x00000004cee00000)
AC   0  E CS TS     0 PTAMS 0x00000004cee00000 NTAMS 0x00000004cee00000 space 2048K, 100% used [0x00000004cee00000, 0x00000004cf000000)
AC   0  E CS TS     0 PTAMS 0x00000004cf000000 NTAMS 0x00000004cf000000 space 2048K, 100% used [0x00000004cf000000, 0x00000004cf200000)
AC   0  E CS TS     0 PTAMS 0x00000004cf200000 NTAMS 0x00000004cf200000 space 2048K, 100% used [0x00000004cf200000, 0x00000004cf400000)
AC   0  E CS TS     0 PTAMS 0x00000004cf400000 NTAMS 0x00000004cf400000 space 2048K, 100% used [0x00000004cf400000, 0x00000004cf600000)
AC   0  E CS TS     0 PTAMS 0x00000004cf600000 NTAMS 0x00000004cf600000 space 2048K, 100% used [0x00000004cf600000, 0x00000004cf800000)
AC   0  E CS TS     0 PTAMS 0x00000004cf800000 NTAMS 0x00000004cf800000 space 2048K, 100% used [0x00000004cf800000, 0x00000004cfa00000)

Card table byte_map: [0x00007fcaf1000000,0x00007fcaf2800000] byte_map_base: 0x00007fcaeea00000

Marking Bits (Prev, Next): (CMBitMap*) 0x00007fcb48059828, (CMBitMap*) 0x00007fcb48059880
 Prev Bits: [0x00007fcade800000, 0x00007fcaea800000)
 Next Bits: [0x00007fcad2800000, 0x00007fcade800000)

Polling page: 0x00007fcb4feb3000

CodeCache: size=245760Kb used=3887Kb max_used=3899Kb free=241872Kb
 bounds [0x00007fcb387bf000, 0x00007fcb38b9f000, 0x00007fcb477bf000]
 total_blobs=1319 nmethods=920 adapters=322
 compilation: enabled

Compilation events (10 events):
Event: 94.553 Thread 0x00007fcb48226000 nmethod 1013 0x00007fcb38b8c9d0 code [0x00007fcb38b8cb40, 0x00007fcb38b8ce18]
Event: 94.663 Thread 0x00007fcb48228000 1014 %     4       com.rc.Matrix::addi @ 271 (299 bytes)
Event: 94.666 Thread 0x00007fcb48228000 nmethod 1014% 0x00007fcb38b565d0 code [0x00007fcb38b56740, 0x00007fcb38b56b18]
Event: 94.678 Thread 0x00007fcb4822a000 1015       4       com.rc.Matrix::<init> (39 bytes)
Event: 94.679 Thread 0x00007fcb4822a000 nmethod 1015 0x00007fcb3899d790 code [0x00007fcb3899d8e0, 0x00007fcb3899da58]
Event: 95.061 Thread 0x00007fcb4822c000 1016       3       com.rc.Matrix::eye (38 bytes)
Event: 95.061 Thread 0x00007fcb4822c000 nmethod 1016 0x00007fcb38b90310 code [0x00007fcb38b904a0, 0x00007fcb38b908c8]
Event: 95.249 Thread 0x00007fcb48226000 1017       4       java.util.ArrayList::ensureCapacityInternal (13 bytes)
Event: 95.251 Thread 0x00007fcb48226000 nmethod 1017 0x00007fcb38b8fbd0 code [0x00007fcb38b8fd20, 0x00007fcb38b90118]
Event: 95.253 Thread 0x00007fcb48228000 1018       4       com.rc.Matrix::addi (299 bytes)

GC Heap History (2 events):
Event: 0.375 GC heap before
{Heap before GC invocations=0 (full 0):
 garbage-first heap   total 256000K, used 24576K [0x00000004c0000000, 0x00000004c02003e8, 0x00000007c0000000)
  region size 2048K, 12 young (24576K), 0 survivors (0K)
 Metaspace       used 9995K, capacity 10188K, committed 10496K, reserved 1058816K
  class space    used 1170K, capacity 1226K, committed 1280K, reserved 1048576K
Event: 0.379 GC heap after
Heap after GC invocations=1 (full 0):
 garbage-first heap   total 256000K, used 4429K [0x00000004c0000000, 0x00000004c02003e8, 0x00000007c0000000)
  region size 2048K, 2 young (4096K), 2 survivors (4096K)
 Metaspace       used 9995K, capacity 10188K, committed 10496K, reserved 1058816K
  class space    used 1170K, capacity 1226K, committed 1280K, reserved 1048576K
}

Deoptimization events (2 events):
Event: 0.394 Thread 0x00007fcb48650000 Uncommon trap: reason=unstable_if action=reinterpret pc=0x00007fcb38941244 method=java.lang.String.indexOf([CII[CIII)I @ 3
Event: 94.043 Thread 0x00007fca88077800 Uncommon trap: reason=null_check action=make_not_entrant pc=0x00007fcb38b4f8b4 method=com.sun.jna.Function.invoke(Ljava/lang/reflect/Method;[Ljava/lang/Class;Ljava/lang/Class;[Ljava/lang/Object;Ljava/util/Map;)Ljava/lang/Object; @ 207

Internal exceptions (10 events):
Event: 0.166 Thread 0x00007fcb4800f000 Exception <a 'java/security/PrivilegedActionException'> (0x00000004cf70dcd0) thrown at [/build/openjdk-8-bnv6fG/openjdk-8-8u151-b12/src/hotspot/src/share/vm/prims/jvm.cpp, line 1390]
Event: 0.166 Thread 0x00007fcb4800f000 Exception <a 'java/security/PrivilegedActionException'> (0x00000004cf70dee0) thrown at [/build/openjdk-8-bnv6fG/openjdk-8-8u151-b12/src/hotspot/src/share/vm/prims/jvm.cpp, line 1390]
Event: 0.166 Thread 0x00007fcb4800f000 Exception <a 'java/security/PrivilegedActionException'> (0x00000004cf70ff68) thrown at [/build/openjdk-8-bnv6fG/openjdk-8-8u151-b12/src/hotspot/src/share/vm/prims/jvm.cpp, line 1390]
Event: 0.166 Thread 0x00007fcb4800f000 Exception <a 'java/security/PrivilegedActionException'> (0x00000004cf710178) thrown at [/build/openjdk-8-bnv6fG/openjdk-8-8u151-b12/src/hotspot/src/share/vm/prims/jvm.cpp, line 1390]
Event: 0.166 Thread 0x00007fcb4800f000 Exception <a 'java/security/PrivilegedActionException'> (0x00000004cf710c50) thrown at [/build/openjdk-8-bnv6fG/openjdk-8-8u151-b12/src/hotspot/src/share/vm/prims/jvm.cpp, line 1390]
Event: 0.166 Thread 0x00007fcb4800f000 Exception <a 'java/security/PrivilegedActionException'> (0x00000004cf710e60) thrown at [/build/openjdk-8-bnv6fG/openjdk-8-8u151-b12/src/hotspot/src/share/vm/prims/jvm.cpp, line 1390]
Event: 0.183 Thread 0x00007fcb4800f000 Exception <a 'java/io/FileNotFoundException'> (0x00000004cf4cb700) thrown at [/build/openjdk-8-bnv6fG/openjdk-8-8u151-b12/src/hotspot/src/share/vm/prims/jni.cpp, line 709]
Event: 0.309 Thread 0x00007fcb4800f000 Exception <a 'java/lang/NoSuchFieldError': method resolution failed> (0x00000004ce8a8608) thrown at [/build/openjdk-8-bnv6fG/openjdk-8-8u151-b12/src/hotspot/src/share/vm/prims/methodHandles.cpp, line 1146]
Event: 0.311 Thread 0x00007fcb4800f000 Exception <a 'java/lang/NoSuchFieldError': method resolution failed> (0x00000004ce8b5928) thrown at [/build/openjdk-8-bnv6fG/openjdk-8-8u151-b12/src/hotspot/src/share/vm/prims/methodHandles.cpp, line 1146]
Event: 0.325 Thread 0x00007fcb4800f000 Exception <a 'java/lang/NoSuchMethodError': org.slf4j.impl.StaticMDCBinder.getSingleton()Lorg/slf4j/impl/StaticMDCBinder;> (0x00000004ce9c0e88) thrown at [/build/openjdk-8-bnv6fG/openjdk-8-8u151-b12/src/hotspot/src/share/vm/interpreter/linkResolver.cpp, l

Events (10 events):
Event: 94.551 Thread 0x00007fca88077800 DEOPT PACKING pc=0x00007fcb38988719 sp=0x00007fcac1eb3060
Event: 94.551 Thread 0x00007fca88077800 DEOPT UNPACKING pc=0x00007fcb38806373 sp=0x00007fcac1eb2dd0 mode 1
Event: 94.551 Thread 0x00007fca88077800 DEOPT PACKING pc=0x00007fcb38915bd4 sp=0x00007fcac1eb30e0
Event: 94.551 Thread 0x00007fca88077800 DEOPT UNPACKING pc=0x00007fcb38806373 sp=0x00007fcac1eb2f20 mode 1
Event: 94.551 Thread 0x00007fca88077800 DEOPT PACKING pc=0x00007fcb38915974 sp=0x00007fcac1eb3270
Event: 94.551 Thread 0x00007fca88077800 DEOPT UNPACKING pc=0x00007fcb38806373 sp=0x00007fcac1eb30b0 mode 1
Event: 95.244 Executing VM operation: RevokeBias
Event: 95.244 Executing VM operation: RevokeBias done
Event: 95.253 Thread 0x00007fca8807b000 DEOPT PACKING pc=0x00007fcb38986586 sp=0x00007fcac1db3970
Event: 95.253 Thread 0x00007fca8807b000 DEOPT UNPACKING pc=0x00007fcb38806373 sp=0x00007fcac1db36e0 mode 0


Dynamic libraries:
10000000-10001000 rw-s 00000000 00:06 423                                /dev/nvidia0
10001000-10002000 rw-s 00000000 00:06 423                                /dev/nvidia0
10002000-10003000 rw-s 00000000 00:06 423                                /dev/nvidia0
10003000-10004000 rw-s 00000000 00:06 423                                /dev/nvidia0
10004000-10005000 rw-s 00000000 00:06 423                                /dev/nvidia0
10005000-10006000 rw-s 00000000 00:06 423                                /dev/nvidia0
10006000-10007000 rw-s 00000000 00:06 423                                /dev/nvidia0
10007000-10008000 rw-s 00000000 00:06 423                                /dev/nvidia0
10008000-10009000 rw-s 00000000 00:06 423                                /dev/nvidia0
10009000-1000a000 rw-s 00000000 00:06 423                                /dev/nvidia0
1000a000-1000b000 rw-s 00000000 00:06 423                                /dev/nvidia0
1000b000-1000c000 rw-s 00000000 00:06 423                                /dev/nvidia0
1000c000-1000d000 rw-s 00000000 00:06 423                                /dev/nvidia0
1000d000-1000e000 rw-s 00000000 00:06 423                                /dev/nvidia0
1000e000-1000f000 rw-s 00000000 00:06 423                                /dev/nvidia0
1000f000-10010000 rw-s 00000000 00:06 423                                /dev/nvidia0
10010000-20000000 ---p 00000000 00:00 0 
200000000-200200000 rw-s 00000000 00:06 422                              /dev/nvidiactl
200200000-200400000 ---p 00000000 00:00 0 
200400000-200404000 rw-s 00000000 00:06 422                              /dev/nvidiactl
200404000-200600000 ---p 00000000 00:00 0 
200600000-200a00000 rw-s 00000000 00:06 422                              /dev/nvidiactl
200a00000-201200000 ---p 00000000 00:00 0 
201200000-201204000 rw-s 00000000 00:06 422                              /dev/nvidiactl
201204000-201400000 ---p 00000000 00:00 0 
201400000-201800000 rw-s 00000000 00:06 422                              /dev/nvidiactl
201800000-202000000 ---p 00000000 00:00 0 
202000000-202004000 rw-s 00000000 00:06 422                              /dev/nvidiactl
202004000-202200000 ---p 00000000 00:00 0 
202200000-202600000 rw-s 00000000 00:06 422                              /dev/nvidiactl
202600000-202e00000 ---p 00000000 00:00 0 
202e00000-202e04000 rw-s 00000000 00:06 422                              /dev/nvidiactl
202e04000-203000000 ---p 00000000 00:00 0 
203000000-203400000 rw-s 00000000 00:06 422                              /dev/nvidiactl
203400000-203c00000 ---p 00000000 00:00 0 
203c00000-203c04000 rw-s 00000000 00:06 422                              /dev/nvidiactl
203c04000-203e00000 ---p 00000000 00:00 0 
203e00000-204200000 rw-s 00000000 00:06 422                              /dev/nvidiactl
204200000-204a00000 ---p 00000000 00:00 0 
204a00000-204a04000 rw-s 00000000 00:06 422                              /dev/nvidiactl
204a04000-204c00000 ---p 00000000 00:00 0 
204c00000-205000000 rw-s 00000000 00:06 422                              /dev/nvidiactl
205000000-205800000 ---p 00000000 00:00 0 
205800000-205804000 rw-s 00000000 00:06 422                              /dev/nvidiactl
205804000-205a00000 ---p 00000000 00:00 0 
205a00000-205e00000 rw-s 00000000 00:06 422                              /dev/nvidiactl
205e00000-206600000 ---p 00000000 00:00 0 
206600000-206604000 rw-s 00000000 00:06 422                              /dev/nvidiactl
206604000-206800000 ---p 00000000 00:00 0 
206800000-206c00000 rw-s 00000000 00:06 422                              /dev/nvidiactl
206c00000-207400000 ---p 00000000 00:00 0 
207400000-207404000 rw-s 00000000 00:06 422                              /dev/nvidiactl
207404000-207600000 ---p 00000000 00:00 0 
207600000-207a00000 rw-s 00000000 00:06 422                              /dev/nvidiactl
207a00000-207a04000 rw-s 00000000 00:06 422                              /dev/nvidiactl
207a04000-207c00000 ---p 00000000 00:00 0 
207c00000-208000000 rw-s 00000000 00:06 422                              /dev/nvidiactl
208000000-208004000 rw-s 00000000 00:06 422                              /dev/nvidiactl
208004000-208200000 ---p 00000000 00:00 0 
208200000-208600000 rw-s 00000000 00:06 422                              /dev/nvidiactl
208600000-208604000 rw-s 00000000 00:06 422                              /dev/nvidiactl
208604000-208800000 ---p 00000000 00:00 0 
208800000-208c00000 rw-s 00000000 00:06 422                              /dev/nvidiactl
208c00000-208c04000 rw-s 00000000 00:06 422                              /dev/nvidiactl
208c04000-208e00000 ---p 00000000 00:00 0 
208e00000-209200000 rw-s 00000000 00:06 422                              /dev/nvidiactl
209200000-209204000 rw-s 00000000 00:06 422                              /dev/nvidiactl
209204000-209400000 ---p 00000000 00:00 0 
209400000-209800000 rw-s 00000000 00:06 422                              /dev/nvidiactl
209800000-209804000 rw-s 00000000 00:06 422                              /dev/nvidiactl
209804000-209a00000 ---p 00000000 00:00 0 
209a00000-209e00000 rw-s 00000000 00:06 422                              /dev/nvidiactl
209e00000-209e04000 rw-s 00000000 00:06 422                              /dev/nvidiactl
209e04000-20a000000 ---p 00000000 00:00 0 
20a000000-20a400000 rw-s 00000000 00:06 422                              /dev/nvidiactl
20a400000-20a600000 ---p 00000000 00:00 0 
20a600000-20a800000 rw-s 00000000 00:06 422                              /dev/nvidiactl
20a800000-20aa00000 rw-s 00000000 00:06 422                              /dev/nvidiactl
20aa00000-300200000 ---p 00000000 00:00 0 
4c0000000-4cfa00000 rw-p 00000000 00:00 0 
4cfa00000-7c0000000 ---p 00000000 00:00 0 
7c0000000-7c01a0000 rw-p 00000000 00:00 0 
7c01a0000-800000000 ---p 00000000 00:00 0 
10000000000-10204400000 ---p 00000000 00:00 0 
10204400000-10204600000 rw-s 00000000 00:05 5861976                      /dev/zero (deleted)
10204600000-10204800000 rw-s 00000000 00:06 422                          /dev/nvidiactl
10204800000-10204a00000 rw-s 00000000 00:05 5861977                      /dev/zero (deleted)
10204a00000-10204c00000 rw-s 00000000 00:06 422                          /dev/nvidiactl
10204c00000-10204ed6000 rw-s 00000000 00:06 422                          /dev/nvidiactl
10204ed6000-10208a00000 ---p 00000000 00:00 0 
5585cd287000-5585cd288000 r-xp 00000000 08:02 2099263                    /usr/lib/jvm/java-8-openjdk-amd64/jre/bin/java
5585cd487000-5585cd488000 r--p 00000000 08:02 2099263                    /usr/lib/jvm/java-8-openjdk-amd64/jre/bin/java
5585cd488000-5585cd489000 rw-p 00001000 08:02 2099263                    /usr/lib/jvm/java-8-openjdk-amd64/jre/bin/java
5585ce9c4000-5585ce9e5000 rw-p 00000000 00:00 0                          [heap]
7fca1c000000-7fca1c021000 rw-p 00000000 00:00 0 
7fca1c021000-7fca20000000 ---p 00000000 00:00 0 
7fca20000000-7fca20021000 rw-p 00000000 00:00 0 
7fca20021000-7fca24000000 ---p 00000000 00:00 0 
7fca24000000-7fca26024000 rw-p 00000000 00:00 0 
7fca26024000-7fca28000000 ---p 00000000 00:00 0 
7fca28000000-7fca28021000 rw-p 00000000 00:00 0 
7fca28021000-7fca2c000000 ---p 00000000 00:00 0 
7fca2c000000-7fca2ffa9000 rw-p 00000000 00:00 0 
7fca2ffa9000-7fca30000000 ---p 00000000 00:00 0 
7fca33405000-7fca37db4000 r-xp 00000000 08:02 1447725                    /usr/local/cuda-9.0/targets/x86_64-linux/lib/libcusolver.so.9.0.176
7fca37db4000-7fca37fb4000 ---p 049af000 08:02 1447725                    /usr/local/cuda-9.0/targets/x86_64-linux/lib/libcusolver.so.9.0.176
7fca37fb4000-7fca37fee000 rw-p 049af000 08:02 1447725                    /usr/local/cuda-9.0/targets/x86_64-linux/lib/libcusolver.so.9.0.176
7fca37fee000-7fca38000000 rw-p 00000000 00:00 0 
7fca38000000-7fca3bcc7000 rw-p 00000000 00:00 0 
7fca3bcc7000-7fca3c000000 ---p 00000000 00:00 0 
7fca3c000000-7fca3ffff000 rw-p 00000000 00:00 0 
7fca3ffff000-7fca40000000 ---p 00000000 00:00 0 
7fca40000000-7fca40021000 rw-p 00000000 00:00 0 
7fca40021000-7fca44000000 ---p 00000000 00:00 0 
7fca44000000-7fca44021000 rw-p 00000000 00:00 0 
7fca44021000-7fca48000000 ---p 00000000 00:00 0 
7fca48000000-7fca48021000 rw-p 00000000 00:00 0 
7fca48021000-7fca4c000000 ---p 00000000 00:00 0 
7fca4cefd000-7fca4cf00000 ---p 00000000 00:00 0 
7fca4cf00000-7fca4cffe000 rw-p 00000000 00:00 0 
7fca4cffe000-7fca4cfff000 ---p 00000000 00:00 0 
7fca4cfff000-7fca4d7ff000 rw-p 00000000 00:00 0 
7fca4d7ff000-7fca4d800000 ---p 00000000 00:00 0 
7fca4d800000-7fca4e000000 rw-p 00000000 00:00 0 
7fca4e000000-7fca54000000 ---p 00000000 00:00 0 
7fca54000000-7fca54021000 rw-p 00000000 00:00 0 
7fca54021000-7fca58000000 ---p 00000000 00:00 0 
7fca58076000-7fca58079000 ---p 00000000 00:00 0 
7fca58079000-7fca58177000 rw-p 00000000 00:00 0 
7fca58177000-7fca58178000 ---p 00000000 00:00 0 
7fca58178000-7fca58978000 rw-p 00000000 00:00 0 
7fca58978000-7fca589bb000 r-xp 00000000 08:02 1840002                    /usr/lib/nvidia-384/libnvidia-fatbinaryloader.so.384.90
7fca589bb000-7fca58bba000 ---p 00043000 08:02 1840002                    /usr/lib/nvidia-384/libnvidia-fatbinaryloader.so.384.90
7fca58bba000-7fca58bc5000 rw-p 00042000 08:02 1840002                    /usr/lib/nvidia-384/libnvidia-fatbinaryloader.so.384.90
7fca58bc5000-7fca58bca000 rw-p 00000000 00:00 0 
7fca58bca000-7fca5bdbb000 r-xp 00000000 08:02 1447637                    /usr/local/cuda-9.0/targets/x86_64-linux/lib/libcublas.so.9.0.176
7fca5bdbb000-7fca5bfba000 ---p 031f1000 08:02 1447637                    /usr/local/cuda-9.0/targets/x86_64-linux/lib/libcublas.so.9.0.176
7fca5bfba000-7fca5bff1000 rw-p 031f0000 08:02 1447637                    /usr/local/cuda-9.0/targets/x86_64-linux/lib/libcublas.so.9.0.176
7fca5bff1000-7fca5c000000 rw-p 00000000 00:00 0 
7fca5c000000-7fca5c021000 rw-p 00000000 00:00 0 
7fca5c021000-7fca60000000 ---p 00000000 00:00 0 
7fca60000000-7fca60021000 rw-p 00000000 00:00 0 
7fca60021000-7fca64000000 ---p 00000000 00:00 0 
7fca64000000-7fca64185000 rw-p 00000000 00:00 0 
7fca64185000-7fca68000000 ---p 00000000 00:00 0 
7fca68000000-7fca68021000 rw-p 00000000 00:00 0 
7fca68021000-7fca6c000000 ---p 00000000 00:00 0 
7fca6c000000-7fca6c021000 rw-p 00000000 00:00 0 
7fca6c021000-7fca70000000 ---p 00000000 00:00 0 
7fca70000000-7fca70021000 rw-p 00000000 00:00 0 
7fca70021000-7fca74000000 ---p 00000000 00:00 0 
7fca74000000-7fca74021000 rw-p 00000000 00:00 0 
7fca74021000-7fca78000000 ---p 00000000 00:00 0 
7fca78000000-7fca78021000 rw-p 00000000 00:00 0 
7fca78021000-7fca7c000000 ---p 00000000 00:00 0 
7fca7c000000-7fca7fc28000 rw-p 00000000 00:00 0 
7fca7fc28000-7fca80000000 ---p 00000000 00:00 0 
7fca80000000-7fca80021000 rw-p 00000000 00:00 0 
7fca80021000-7fca84000000 ---p 00000000 00:00 0 
7fca84000000-7fca84021000 rw-p 00000000 00:00 0 
7fca84021000-7fca88000000 ---p 00000000 00:00 0 
7fca88000000-7fca880e4000 rw-p 00000000 00:00 0 
7fca880e4000-7fca8c000000 ---p 00000000 00:00 0 
7fca8c000000-7fca8c345000 rw-p 00000000 00:00 0 
7fca8c345000-7fca90000000 ---p 00000000 00:00 0 
7fca90000000-7fca90021000 rw-p 00000000 00:00 0 
7fca90021000-7fca94000000 ---p 00000000 00:00 0 
7fca94000000-7fca9433f000 rw-p 00000000 00:00 0 
7fca9433f000-7fca98000000 ---p 00000000 00:00 0 
7fca98000000-7fca981eb000 rw-p 00000000 00:00 0 
7fca981eb000-7fca9c000000 ---p 00000000 00:00 0 
7fca9c000000-7fca9c021000 rw-p 00000000 00:00 0 
7fca9c021000-7fcaa0000000 ---p 00000000 00:00 0 
7fcaa0000000-7fcaa0290000 rw-p 00000000 00:00 0 
7fcaa0290000-7fcaa4000000 ---p 00000000 00:00 0 
7fcaa4000000-7fcaa4030000 rw-p 00000000 00:00 0 
7fcaa4030000-7fcaa8000000 ---p 00000000 00:00 0 
7fcaa8000000-7fcaa8021000 rw-p 00000000 00:00 0 
7fcaa8021000-7fcaac000000 ---p 00000000 00:00 0 
7fcaac000000-7fcaac021000 rw-p 00000000 00:00 0 
7fcaac021000-7fcab0000000 ---p 00000000 00:00 0 
7fcab0000000-7fcab0021000 rw-p 00000000 00:00 0 
7fcab0021000-7fcab4000000 ---p 00000000 00:00 0 
7fcab4000000-7fcab4021000 rw-p 00000000 00:00 0 
7fcab4021000-7fcab8000000 ---p 00000000 00:00 0 
7fcab8000000-7fcab8021000 rw-p 00000000 00:00 0 
7fcab8021000-7fcabc000000 ---p 00000000 00:00 0 
7fcabc000000-7fcabc026000 rw-p 00000000 00:00 0 
7fcabc026000-7fcac0000000 ---p 00000000 00:00 0 
7fcac0095000-7fcac0098000 ---p 00000000 00:00 0 
7fcac0098000-7fcac0217000 rw-p 00000000 00:00 0 
7fcac0217000-7fcac0d36000 r-xp 00000000 08:02 1319984                    /usr/lib/x86_64-linux-gnu/libcuda.so.384.90
7fcac0d36000-7fcac0f36000 ---p 00b1f000 08:02 1319984                    /usr/lib/x86_64-linux-gnu/libcuda.so.384.90
7fcac0f36000-7fcac1086000 rw-p 00b1f000 08:02 1319984                    /usr/lib/x86_64-linux-gnu/libcuda.so.384.90
7fcac1086000-7fcac1094000 rw-p 00000000 00:00 0 
7fcac1094000-7fcac10ac000 r-xp 00000000 08:02 23724072                   /tmp/jna-1196889079/jna4953594266228111328.tmp (deleted)
7fcac10ac000-7fcac12ac000 ---p 00018000 08:02 23724072                   /tmp/jna-1196889079/jna4953594266228111328.tmp (deleted)
7fcac12ac000-7fcac12ad000 rw-p 00018000 08:02 23724072                   /tmp/jna-1196889079/jna4953594266228111328.tmp (deleted)
7fcac12ad000-7fcac146d000 rw-p 00000000 00:00 0 
7fcac146d000-7fcac14ad000 ---p 00000000 00:00 0 
7fcac14ad000-7fcac14b0000 ---p 00000000 00:00 0 
7fcac14b0000-7fcac15ae000 rw-p 00000000 00:00 0 
7fcac15ae000-7fcac15b1000 ---p 00000000 00:00 0 
7fcac15b1000-7fcac16af000 rw-p 00000000 00:00 0 
7fcac16af000-7fcac16b2000 ---p 00000000 00:00 0 
7fcac16b2000-7fcac17b0000 rw-p 00000000 00:00 0 
7fcac17b0000-7fcac17b3000 ---p 00000000 00:00 0 
7fcac17b3000-7fcac18b1000 rw-p 00000000 00:00 0 
7fcac18b1000-7fcac18b4000 ---p 00000000 00:00 0 
7fcac18b4000-7fcac19b2000 rw-p 00000000 00:00 0 
7fcac19b2000-7fcac19b5000 ---p 00000000 00:00 0 
7fcac19b5000-7fcac1ab3000 rw-p 00000000 00:00 0 
7fcac1ab3000-7fcac1ab6000 ---p 00000000 00:00 0 
7fcac1ab6000-7fcac1bb4000 rw-p 00000000 00:00 0 
7fcac1bb4000-7fcac1bb7000 ---p 00000000 00:00 0 
7fcac1bb7000-7fcac1cb5000 rw-p 00000000 00:00 0 
7fcac1cb5000-7fcac1cb8000 ---p 00000000 00:00 0 
7fcac1cb8000-7fcac1db6000 rw-p 00000000 00:00 0 
7fcac1db6000-7fcac1db9000 ---p 00000000 00:00 0 
7fcac1db9000-7fcac20b7000 rw-p 00000000 00:00 0 
7fcac20b7000-7fcac20c0000 r-xp 00000000 08:02 2099367                    /usr/lib/jvm/java-8-openjdk-amd64/jre/lib/amd64/libmanagement.so
7fcac20c0000-7fcac22bf000 ---p 00009000 08:02 2099367                    /usr/lib/jvm/java-8-openjdk-amd64/jre/lib/amd64/libmanagement.so
7fcac22bf000-7fcac22c0000 r--p 00008000 08:02 2099367                    /usr/lib/jvm/java-8-openjdk-amd64/jre/lib/amd64/libmanagement.so
7fcac22c0000-7fcac22c1000 rw-p 00009000 08:02 2099367                    /usr/lib/jvm/java-8-openjdk-amd64/jre/lib/amd64/libmanagement.so
7fcac22c1000-7fcac22c4000 ---p 00000000 00:00 0 
7fcac22c4000-7fcac23c2000 rw-p 00000000 00:00 0 
7fcac23c2000-7fcac23d3000 r-xp 00000000 08:02 2099370                    /usr/lib/jvm/java-8-openjdk-amd64/jre/lib/amd64/libnio.so
7fcac23d3000-7fcac25d3000 ---p 00011000 08:02 2099370                    /usr/lib/jvm/java-8-openjdk-amd64/jre/lib/amd64/libnio.so
7fcac25d3000-7fcac25d4000 r--p 00011000 08:02 2099370                    /usr/lib/jvm/java-8-openjdk-amd64/jre/lib/amd64/libnio.so
7fcac25d4000-7fcac25d5000 rw-p 00012000 08:02 2099370                    /usr/lib/jvm/java-8-openjdk-amd64/jre/lib/amd64/libnio.so
7fcac25d5000-7fcac25ec000 r-xp 00000000 08:02 2099369                    /usr/lib/jvm/java-8-openjdk-amd64/jre/lib/amd64/libnet.so
7fcac25ec000-7fcac27eb000 ---p 00017000 08:02 2099369                    /usr/lib/jvm/java-8-openjdk-amd64/jre/lib/amd64/libnet.so
7fcac27eb000-7fcac27ec000 r--p 00016000 08:02 2099369                    /usr/lib/jvm/java-8-openjdk-amd64/jre/lib/amd64/libnet.so
7fcac27ec000-7fcac27ed000 rw-p 00017000 08:02 2099369                    /usr/lib/jvm/java-8-openjdk-amd64/jre/lib/amd64/libnet.so
7fcac27ed000-7fcac27ee000 ---p 00000000 00:00 0 
7fcac27ee000-7fcac28ee000 rw-p 00000000 00:00 0 
7fcac28ee000-7fcac28f1000 ---p 00000000 00:00 0 
7fcac28f1000-7fcac29ef000 rw-p 00000000 00:00 0 
7fcac29ef000-7fcac29f2000 ---p 00000000 00:00 0 
7fcac29f2000-7fcac2af0000 rw-p 00000000 00:00 0 
7fcac2af0000-7fcac2af3000 ---p 00000000 00:00 0 
7fcac2af3000-7fcac2bf1000 rw-p 00000000 00:00 0 
7fcac2bf1000-7fcac2bf4000 ---p 00000000 00:00 0 
7fcac2bf4000-7fcac2cf2000 rw-p 00000000 00:00 0 
7fcac2cf2000-7fcac2cf5000 ---p 00000000 00:00 0 
7fcac2cf5000-7fcac2df3000 rw-p 00000000 00:00 0 
7fcac2df3000-7fcac2df6000 ---p 00000000 00:00 0 
7fcac2df6000-7fcac2ef4000 rw-p 00000000 00:00 0 
7fcac2ef4000-7fcac2ef7000 ---p 00000000 00:00 0 
7fcac2ef7000-7fcac2ff5000 rw-p 00000000 00:00 0 
7fcac2ff5000-7fcac2ff8000 ---p 00000000 00:00 0 
7fcac2ff8000-7fcac30f6000 rw-p 00000000 00:00 0 
7fcac30f6000-7fcac30fa000 r-xp 00000000 08:02 2099282                    /usr/lib/jvm/java-8-openjdk-amd64/jre/lib/amd64/libdt_socket.so
7fcac30fa000-7fcac32f9000 ---p 00004000 08:02 2099282                    /usr/lib/jvm/java-8-openjdk-amd64/jre/lib/amd64/libdt_socket.so
7fcac32f9000-7fcac32fa000 r--p 00003000 08:02 2099282                    /usr/lib/jvm/java-8-openjdk-amd64/jre/lib/amd64/libdt_socket.so
7fcac32fa000-7fcac32fb000 rw-p 00004000 08:02 2099282                    /usr/lib/jvm/java-8-openjdk-amd64/jre/lib/amd64/libdt_socket.so
7fcac32fb000-7fcac32fe000 ---p 00000000 00:00 0 
7fcac32fe000-7fcac33fc000 rw-p 00000000 00:00 0 
7fcac33fc000-7fcac33ff000 ---p 00000000 00:00 0 
7fcac33ff000-7fcac34fd000 rw-p 00000000 00:00 0 
7fcac34fd000-7fcac3500000 ---p 00000000 00:00 0 
7fcac3500000-7fcac35fe000 rw-p 00000000 00:00 0 
7fcac35fe000-7fcac3601000 ---p 00000000 00:00 0 
7fcac3601000-7fcac36ff000 rw-p 00000000 00:00 0 
7fcac36ff000-7fcac3700000 ---p 00000000 00:00 0 
7fcac3700000-7fcac4000000 rw-p 00000000 00:00 0 
7fcac4000000-7fcac4021000 rw-p 00000000 00:00 0 
7fcac4021000-7fcac8000000 ---p 00000000 00:00 0 
7fcac8000000-7fcac8021000 rw-p 00000000 00:00 0 
7fcac8021000-7fcacc000000 ---p 00000000 00:00 0 
7fcacc000000-7fcacc021000 rw-p 00000000 00:00 0 
7fcacc021000-7fcad0000000 ---p 00000000 00:00 0 
7fcad002f000-7fcad01fe000 r--s 03c21000 08:02 2099420                    /usr/lib/jvm/java-8-openjdk-amd64/jre/lib/rt.jar
7fcad01fe000-7fcad2be8000 rw-p 00000000 00:00 0 
7fcad2be8000-7fcade800000 ---p 00000000 00:00 0 
7fcade800000-7fcadebe8000 rw-p 00000000 00:00 0 
7fcadebe8000-7fcaea800000 ---p 00000000 00:00 0 
7fcaea800000-7fcaea87d000 rw-p 00000000 00:00 0 
7fcaea87d000-7fcaec000000 ---p 00000000 00:00 0 
7fcaec000000-7fcaec021000 rw-p 00000000 00:00 0 
7fcaec021000-7fcaf0000000 ---p 00000000 00:00 0 
7fcaf0078000-7fcaf107d000 rw-p 00000000 00:00 0 
7fcaf107d000-7fcaf4000000 ---p 00000000 00:00 0 
7fcaf4000000-7fcaf4021000 rw-p 00000000 00:00 0 
7fcaf4021000-7fcaf8000000 ---p 00000000 00:00 0 
7fcaf8000000-7fcaf8021000 rw-p 00000000 00:00 0 
7fcaf8021000-7fcafc000000 ---p 00000000 00:00 0 
7fcafc000000-7fcafc021000 rw-p 00000000 00:00 0 
7fcafc021000-7fcb00000000 ---p 00000000 00:00 0 
7fcb00000000-7fcb00021000 rw-p 00000000 00:00 0 
7fcb00021000-7fcb04000000 ---p 00000000 00:00 0 
7fcb04000000-7fcb04021000 rw-p 00000000 00:00 0 
7fcb04021000-7fcb08000000 ---p 00000000 00:00 0 
7fcb08000000-7fcb08021000 rw-p 00000000 00:00 0 
7fcb08021000-7fcb0c000000 ---p 00000000 00:00 0 
7fcb0c000000-7fcb0c021000 rw-p 00000000 00:00 0 
7fcb0c021000-7fcb10000000 ---p 00000000 00:00 0 
7fcb10000000-7fcb10021000 rw-p 00000000 00:00 0 
7fcb10021000-7fcb14000000 ---p 00000000 00:00 0 
7fcb14000000-7fcb14021000 rw-p 00000000 00:00 0 
7fcb14021000-7fcb18000000 ---p 00000000 00:00 0 
7fcb18000000-7fcb18021000 rw-p 00000000 00:00 0 
7fcb18021000-7fcb1c000000 ---p 00000000 00:00 0 
7fcb1c000000-7fcb1c021000 rw-p 00000000 00:00 0 
7fcb1c021000-7fcb20000000 ---p 00000000 00:00 0 
7fcb20000000-7fcb20021000 rw-p 00000000 00:00 0 
7fcb20021000-7fcb24000000 ---p 00000000 00:00 0 
7fcb24000000-7fcb24021000 rw-p 00000000 00:00 0 
7fcb24021000-7fcb28000000 ---p 00000000 00:00 0 
7fcb28000000-7fcb28021000 rw-p 00000000 00:00 0 
7fcb28021000-7fcb2c000000 ---p 00000000 00:00 0 
7fcb2c000000-7fcb2c021000 rw-p 00000000 00:00 0 
7fcb2c021000-7fcb30000000 ---p 00000000 00:00 0 
7fcb3000a000-7fcb302fe000 rw-p 00000000 00:00 0 
7fcb302fe000-7fcb302ff000 ---p 00000000 00:00 0 
7fcb302ff000-7fcb303ff000 rw-p 00000000 00:00 0 
7fcb30408000-7fcb30409000 rw-s 00000000 00:06 422                        /dev/nvidiactl
7fcb30409000-7fcb3040a000 rw-s 00000000 00:06 422                        /dev/nvidiactl
7fcb3040a000-7fcb3040b000 rw-s 00000000 00:06 422                        /dev/nvidiactl
7fcb3040b000-7fcb3040c000 rw-s 00000000 00:06 422                        /dev/nvidiactl
7fcb3040c000-7fcb3040d000 rw-s 00000000 00:06 422                        /dev/nvidiactl
7fcb3040d000-7fcb3040e000 rw-s 00000000 00:06 422                        /dev/nvidiactl
7fcb3040e000-7fcb3040f000 rw-s 00000000 00:06 422                        /dev/nvidiactl
7fcb3040f000-7fcb30410000 rw-s 00000000 00:06 422                        /dev/nvidiactl
7fcb30410000-7fcb30411000 rw-s 00000000 00:06 422                        /dev/nvidiactl
7fcb30411000-7fcb30412000 rw-s 00000000 00:06 422                        /dev/nvidiactl
7fcb30412000-7fcb30413000 rw-s 00000000 00:06 422                        /dev/nvidiactl
7fcb30413000-7fcb30414000 rw-s 00000000 00:06 422                        /dev/nvidiactl
7fcb30414000-7fcb30415000 rw-s 00000000 00:06 422                        /dev/nvidiactl
7fcb30415000-7fcb30416000 rw-s 00000000 00:06 422                        /dev/nvidiactl
7fcb30416000-7fcb30417000 rw-s 00000000 00:06 422                        /dev/nvidiactl
7fcb30417000-7fcb30418000 rw-s 00000000 00:06 422                        /dev/nvidiactl
7fcb30418000-7fcb3041b000 ---p 00000000 00:00 0 
7fcb3041b000-7fcb30451000 rw-p 00000000 00:00 0 
7fcb30451000-7fcb30456000 r--s 0009a000 08:02 2099414                    /usr/lib/jvm/java-8-openjdk-amd64/jre/lib/jsse.jar
7fcb30456000-7fcb30487000 rw-p 00000000 00:00 0 
7fcb30487000-7fcb30488000 r--s 00004000 08:02 30146900                   /home/richard/.m2/repository/net/sf/opencsv/opencsv/2.3/opencsv-2.3.jar
7fcb30488000-7fcb30489000 r--s 00009000 08:02 30146898                   /home/richard/.m2/repository/com/datumbox/libsvm/3.22/libsvm-3.22.jar
7fcb30489000-7fcb3048e000 r--s 00034000 08:02 30146896                   /home/richard/.m2/repository/com/google/code/gson/gson/2.8.2/gson-2.8.2.jar
7fcb3048e000-7fcb30491000 r--s 00008000 08:02 30146894                   /home/richard/.m2/repository/org/eclipse/jetty/websocket/websocket-api/9.4.4.v20170414/websocket-api-9.4.4.v20170414.jar
7fcb30491000-7fcb30493000 r--s 00004000 08:02 30146892                   /home/richard/.m2/repository/org/eclipse/jetty/websocket/websocket-servlet/9.4.4.v20170414/websocket-servlet-9.4.4.v20170414.jar
7fcb30493000-7fcb30499000 r--s 0003c000 08:02 30146890                   /home/richard/.m2/repository/org/eclipse/jetty/jetty-client/9.4.4.v20170414/jetty-client-9.4.4.v20170414.jar
7fcb30499000-7fcb3049e000 r--s 0002c000 08:02 30146886                   /home/richard/.m2/repository/org/eclipse/jetty/websocket/websocket-common/9.4.4.v20170414/websocket-common-9.4.4.v20170414.jar
7fcb3049e000-7fcb304a0000 r--s 00007000 08:02 30146884                   /home/richard/.m2/repository/org/eclipse/jetty/websocket/websocket-server/9.4.4.v20170414/websocket-server-9.4.4.v20170414.jar
7fcb304a0000-7fcb304a3000 r--s 00014000 08:02 30146882                   /home/richard/.m2/repository/org/eclipse/jetty/jetty-security/9.4.4.v20170414/jetty-security-9.4.4.v20170414.jar
7fcb304a3000-7fcb304a5000 r--s 00019000 08:02 30146880                   /home/richard/.m2/repository/org/eclipse/jetty/jetty-servlet/9.4.4.v20170414/jetty-servlet-9.4.4.v20170414.jar
7fcb304a5000-7fcb304a7000 r--s 0000b000 08:02 30146878                   /home/richard/.m2/repository/org/eclipse/jetty/jetty-xml/9.4.4.v20170414/jetty-xml-9.4.4.v20170414.jar
7fcb304a7000-7fcb304aa000 r--s 0001d000 08:02 30146874                   /home/richard/.m2/repository/org/eclipse/jetty/jetty-io/9.4.4.v20170414/jetty-io-9.4.4.v20170414.jar
7fcb304aa000-7fcb304b2000 r--s 00068000 08:02 30146872                   /home/richard/.m2/repository/org/eclipse/jetty/jetty-util/9.4.4.v20170414/jetty-util-9.4.4.v20170414.jar
7fcb304b2000-7fcb304b5000 r--s 00025000 08:02 30146868                   /home/richard/.m2/repository/org/eclipse/jetty/jetty-http/9.4.4.v20170414/jetty-http-9.4.4.v20170414.jar
7fcb304b5000-7fcb304b8000 r--s 00015000 08:02 30146863                   /home/richard/.m2/repository/javax/servlet/javax.servlet-api/3.1.0/javax.servlet-api-3.1.0.jar
7fcb304b8000-7fcb304c0000 r--s 00086000 08:02 30146861                   /home/richard/.m2/repository/org/eclipse/jetty/jetty-server/9.4.4.v20170414/jetty-server-9.4.4.v20170414.jar
7fcb304c0000-7fcb304c4000 r--s 00021000 08:02 30146859                   /home/richard/.m2/repository/com/sparkjava/spark-core/2.6.0/spark-core-2.6.0.jar
7fcb304c4000-7fcb304c7000 r--s 00011000 08:02 30146857                   /home/richard/.m2/repository/net/sf/jopt-simple/jopt-simple/5.0.4/jopt-simple-5.0.4.jar
7fcb304c7000-7fcb304d1000 r--s 00069000 08:02 30146850                   /home/richard/.m2/repository/ch/qos/logback/logback-core/1.1.8/logback-core-1.1.8.jar
7fcb304d1000-7fcb304d7000 r--s 00045000 08:02 30146848                   /home/richard/.m2/repository/ch/qos/logback/logback-classic/1.1.8/logback-classic-1.1.8.jar
7fcb304d7000-7fcb304db000 r--s 0015c000 08:02 30146842                   /home/richard/.m2/repository/net/java/dev/jna/jna/4.5.0/jna-4.5.0.jar
7fcb304db000-7fcb304e3000 r--s 00045000 08:02 28576214                   /home/richard/eclipse/plugins/org.junit_4.12.0.v201504281640/junit.jar
7fcb304e3000-7fcb30de8000 rw-p 00000000 00:00 0 
7fcb30de8000-7fcb30de9000 ---p 00000000 00:00 0 
7fcb30de9000-7fcb30ee9000 rw-p 00000000 00:00 0 
7fcb30ee9000-7fcb30eea000 ---p 00000000 00:00 0 
7fcb30eea000-7fcb30fea000 rw-p 00000000 00:00 0 
7fcb30fea000-7fcb30feb000 ---p 00000000 00:00 0 
7fcb30feb000-7fcb31469000 rw-p 00000000 00:00 0 
7fcb31469000-7fcb32bec000 ---p 00000000 00:00 0 
7fcb32bec000-7fcb32bed000 ---p 00000000 00:00 0 
7fcb32bed000-7fcb32ced000 rw-p 00000000 00:00 0 
7fcb32ced000-7fcb32cee000 ---p 00000000 00:00 0 
7fcb32cee000-7fcb32dee000 rw-p 00000000 00:00 0 
7fcb32dee000-7fcb32def000 ---p 00000000 00:00 0 
7fcb32def000-7fcb32eef000 rw-p 00000000 00:00 0 
7fcb32eef000-7fcb32ef0000 ---p 00000000 00:00 0 
7fcb32ef0000-7fcb32ff0000 rw-p 00000000 00:00 0 
7fcb32ff0000-7fcb32ff1000 ---p 00000000 00:00 0 
7fcb32ff1000-7fcb330f1000 rw-p 00000000 00:00 0 
7fcb330f1000-7fcb330f2000 ---p 00000000 00:00 0 
7fcb330f2000-7fcb331f2000 rw-p 00000000 00:00 0 
7fcb331f2000-7fcb331f3000 ---p 00000000 00:00 0 
7fcb331f3000-7fcb332f3000 rw-p 00000000 00:00 0 
7fcb332f3000-7fcb332f4000 ---p 00000000 00:00 0 
7fcb332f4000-7fcb333f4000 rw-p 00000000 00:00 0 
7fcb333f4000-7fcb333f5000 ---p 00000000 00:00 0 
7fcb333f5000-7fcb33cfd000 rw-p 00000000 00:00 0 
7fcb33cfd000-7fcb33cfe000 ---p 00000000 00:00 0 
7fcb33cfe000-7fcb33dfe000 rw-p 00000000 00:00 0 
7fcb33dfe000-7fcb33dff000 ---p 00000000 00:00 0 
7fcb33dff000-7fcb33eff000 rw-p 00000000 00:00 0 
7fcb33eff000-7fcb33f00000 ---p 00000000 00:00 0 
7fcb33f00000-7fcb34000000 rw-p 00000000 00:00 0 
7fcb34000000-7fcb34021000 rw-p 00000000 00:00 0 
7fcb34021000-7fcb38000000 ---p 00000000 00:00 0 
7fcb38000000-7fcb38002000 r--s 0001c000 08:02 30146876                   /home/richard/.m2/repository/org/eclipse/jetty/jetty-webapp/9.4.4.v20170414/jetty-webapp-9.4.4.v20170414.jar
7fcb38002000-7fcb3801d000 r--s 001d6000 08:02 2099396                    /usr/lib/jvm/java-8-openjdk-amd64/jre/lib/ext/nashorn.jar
7fcb3801d000-7fcb38038000 r--s 00394000 08:02 2099391                    /usr/lib/jvm/java-8-openjdk-amd64/jre/lib/ext/cldrdata.jar
7fcb38038000-7fcb380fc000 rw-p 00000000 00:00 0 
7fcb380fc000-7fcb380fd000 ---p 00000000 00:00 0 
7fcb380fd000-7fcb381fd000 rw-p 00000000 00:00 0 
7fcb381fd000-7fcb381fe000 ---p 00000000 00:00 0 
7fcb381fe000-7fcb382fe000 rw-p 00000000 00:00 0 
7fcb382fe000-7fcb382ff000 ---p 00000000 00:00 0 
7fcb382ff000-7fcb3840f000 rw-p 00000000 00:00 0 
7fcb3840f000-7fcb387bf000 ---p 00000000 00:00 0 
7fcb387bf000-7fcb38b9f000 rwxp 00000000 00:00 0 
7fcb38b9f000-7fcb477bf000 ---p 00000000 00:00 0 
7fcb477bf000-7fcb477c7000 r-xp 00000000 08:02 2099377                    /usr/lib/jvm/java-8-openjdk-amd64/jre/lib/amd64/libzip.so
7fcb477c7000-7fcb479c6000 ---p 00008000 08:02 2099377                    /usr/lib/jvm/java-8-openjdk-amd64/jre/lib/amd64/libzip.so
7fcb479c6000-7fcb479c7000 r--p 00007000 08:02 2099377                    /usr/lib/jvm/java-8-openjdk-amd64/jre/lib/amd64/libzip.so
7fcb479c7000-7fcb479c8000 rw-p 00008000 08:02 2099377                    /usr/lib/jvm/java-8-openjdk-amd64/jre/lib/amd64/libzip.so
7fcb479c8000-7fcb479d3000 r-xp 00000000 08:02 21631481                   /lib/x86_64-linux-gnu/libnss_files-2.26.so
7fcb479d3000-7fcb47bd2000 ---p 0000b000 08:02 21631481                   /lib/x86_64-linux-gnu/libnss_files-2.26.so
7fcb47bd2000-7fcb47bd3000 r--p 0000a000 08:02 21631481                   /lib/x86_64-linux-gnu/libnss_files-2.26.so
7fcb47bd3000-7fcb47bd4000 rw-p 0000b000 08:02 21631481                   /lib/x86_64-linux-gnu/libnss_files-2.26.so
7fcb47bd4000-7fcb47bda000 rw-p 00000000 00:00 0 
7fcb47bda000-7fcb47be5000 r-xp 00000000 08:02 21631492                   /lib/x86_64-linux-gnu/libnss_nis-2.26.so
7fcb47be5000-7fcb47de4000 ---p 0000b000 08:02 21631492                   /lib/x86_64-linux-gnu/libnss_nis-2.26.so
7fcb47de4000-7fcb47de5000 r--p 0000a000 08:02 21631492                   /lib/x86_64-linux-gnu/libnss_nis-2.26.so
7fcb47de5000-7fcb47de6000 rw-p 0000b000 08:02 21631492                   /lib/x86_64-linux-gnu/libnss_nis-2.26.so
7fcb47de6000-7fcb47dfd000 r-xp 00000000 08:02 21631475                   /lib/x86_64-linux-gnu/libnsl-2.26.so
7fcb47dfd000-7fcb47ffc000 ---p 00017000 08:02 21631475                   /lib/x86_64-linux-gnu/libnsl-2.26.so
7fcb47ffc000-7fcb47ffd000 r--p 00016000 08:02 21631475                   /lib/x86_64-linux-gnu/libnsl-2.26.so
7fcb47ffd000-7fcb47ffe000 rw-p 00017000 08:02 21631475                   /lib/x86_64-linux-gnu/libnsl-2.26.so
7fcb47ffe000-7fcb48000000 rw-p 00000000 00:00 0 
7fcb48000000-7fcb48669000 rw-p 00000000 00:00 0 
7fcb48669000-7fcb4c000000 ---p 00000000 00:00 0 
7fcb4c000000-7fcb4c002000 r--s 00009000 08:02 30146855                   /home/richard/.m2/repository/org/slf4j/slf4j-api/1.7.21/slf4j-api-1.7.21.jar
7fcb4c002000-7fcb4c004000 r--s 0000c000 08:02 28576201                   /home/richard/eclipse/plugins/org.hamcrest.core_1.3.0.v201303031735.jar
7fcb4c004000-7fcb4c017000 r--s 00346000 08:02 2099419                    /usr/lib/jvm/java-8-openjdk-amd64/jre/lib/resources.jar
7fcb4c017000-7fcb4c09a000 rw-p 00000000 00:00 0 
7fcb4c09a000-7fcb4c09b000 ---p 00000000 00:00 0 
7fcb4c09b000-7fcb4c19b000 rw-p 00000000 00:00 0 
7fcb4c19b000-7fcb4c1a3000 r-xp 00000000 08:02 21631477                   /lib/x86_64-linux-gnu/libnss_compat-2.26.so
7fcb4c1a3000-7fcb4c3a2000 ---p 00008000 08:02 21631477                   /lib/x86_64-linux-gnu/libnss_compat-2.26.so
7fcb4c3a2000-7fcb4c3a3000 r--p 00007000 08:02 21631477                   /lib/x86_64-linux-gnu/libnss_compat-2.26.so
7fcb4c3a3000-7fcb4c3a4000 rw-p 00008000 08:02 21631477                   /lib/x86_64-linux-gnu/libnss_compat-2.26.so
7fcb4c3a4000-7fcb4cd6e000 r--p 00000000 08:02 1317554                    /usr/lib/locale/locale-archive
7fcb4cd6e000-7fcb4cd70000 r-xp 00000000 08:02 2099371                    /usr/lib/jvm/java-8-openjdk-amd64/jre/lib/amd64/libnpt.so
7fcb4cd70000-7fcb4cf70000 ---p 00002000 08:02 2099371                    /usr/lib/jvm/java-8-openjdk-amd64/jre/lib/amd64/libnpt.so
7fcb4cf70000-7fcb4cf71000 r--p 00002000 08:02 2099371                    /usr/lib/jvm/java-8-openjdk-amd64/jre/lib/amd64/libnpt.so
7fcb4cf71000-7fcb4cf72000 rw-p 00003000 08:02 2099371                    /usr/lib/jvm/java-8-openjdk-amd64/jre/lib/amd64/libnpt.so
7fcb4cf72000-7fcb4cfad000 r-xp 00000000 08:02 2099363                    /usr/lib/jvm/java-8-openjdk-amd64/jre/lib/amd64/libjdwp.so
7fcb4cfad000-7fcb4d1ac000 ---p 0003b000 08:02 2099363                    /usr/lib/jvm/java-8-openjdk-amd64/jre/lib/amd64/libjdwp.so
7fcb4d1ac000-7fcb4d1ad000 r--p 0003a000 08:02 2099363                    /usr/lib/jvm/java-8-openjdk-amd64/jre/lib/amd64/libjdwp.so
7fcb4d1ad000-7fcb4d1ae000 rw-p 0003b000 08:02 2099363                    /usr/lib/jvm/java-8-openjdk-amd64/jre/lib/amd64/libjdwp.so
7fcb4d1ae000-7fcb4d1db000 r-xp 00000000 08:02 2099290                    /usr/lib/jvm/java-8-openjdk-amd64/jre/lib/amd64/libjava.so
7fcb4d1db000-7fcb4d3db000 ---p 0002d000 08:02 2099290                    /usr/lib/jvm/java-8-openjdk-amd64/jre/lib/amd64/libjava.so
7fcb4d3db000-7fcb4d3dc000 r--p 0002d000 08:02 2099290                    /usr/lib/jvm/java-8-openjdk-amd64/jre/lib/amd64/libjava.so
7fcb4d3dc000-7fcb4d3de000 rw-p 0002e000 08:02 2099290                    /usr/lib/jvm/java-8-openjdk-amd64/jre/lib/amd64/libjava.so
7fcb4d3de000-7fcb4d3ee000 r-xp 00000000 08:02 2099376                    /usr/lib/jvm/java-8-openjdk-amd64/jre/lib/amd64/libverify.so
7fcb4d3ee000-7fcb4d5ed000 ---p 00010000 08:02 2099376                    /usr/lib/jvm/java-8-openjdk-amd64/jre/lib/amd64/libverify.so
7fcb4d5ed000-7fcb4d5ef000 r--p 0000f000 08:02 2099376                    /usr/lib/jvm/java-8-openjdk-amd64/jre/lib/amd64/libverify.so
7fcb4d5ef000-7fcb4d5f0000 rw-p 00011000 08:02 2099376                    /usr/lib/jvm/java-8-openjdk-amd64/jre/lib/amd64/libverify.so
7fcb4d5f0000-7fcb4d5f7000 r-xp 00000000 08:02 21631535                   /lib/x86_64-linux-gnu/librt-2.26.so
7fcb4d5f7000-7fcb4d7f6000 ---p 00007000 08:02 21631535                   /lib/x86_64-linux-gnu/librt-2.26.so
7fcb4d7f6000-7fcb4d7f7000 r--p 00006000 08:02 21631535                   /lib/x86_64-linux-gnu/librt-2.26.so
7fcb4d7f7000-7fcb4d7f8000 rw-p 00007000 08:02 21631535                   /lib/x86_64-linux-gnu/librt-2.26.so
7fcb4d7f8000-7fcb4d80e000 r-xp 00000000 08:02 21631426                   /lib/x86_64-linux-gnu/libgcc_s.so.1
7fcb4d80e000-7fcb4da0d000 ---p 00016000 08:02 21631426                   /lib/x86_64-linux-gnu/libgcc_s.so.1
7fcb4da0d000-7fcb4da0e000 r--p 00015000 08:02 21631426                   /lib/x86_64-linux-gnu/libgcc_s.so.1
7fcb4da0e000-7fcb4da0f000 rw-p 00016000 08:02 21631426                   /lib/x86_64-linux-gnu/libgcc_s.so.1
7fcb4da0f000-7fcb4db64000 r-xp 00000000 08:02 21631454                   /lib/x86_64-linux-gnu/libm-2.26.so
7fcb4db64000-7fcb4dd63000 ---p 00155000 08:02 21631454                   /lib/x86_64-linux-gnu/libm-2.26.so
7fcb4dd63000-7fcb4dd64000 r--p 00154000 08:02 21631454                   /lib/x86_64-linux-gnu/libm-2.26.so
7fcb4dd64000-7fcb4dd65000 rw-p 00155000 08:02 21631454                   /lib/x86_64-linux-gnu/libm-2.26.so
7fcb4dd65000-7fcb4dedd000 r-xp 00000000 08:02 1319675                    /usr/lib/x86_64-linux-gnu/libstdc++.so.6.0.24
7fcb4dedd000-7fcb4e0dc000 ---p 00178000 08:02 1319675                    /usr/lib/x86_64-linux-gnu/libstdc++.so.6.0.24
7fcb4e0dc000-7fcb4e0e6000 r--p 00177000 08:02 1319675                    /usr/lib/x86_64-linux-gnu/libstdc++.so.6.0.24
7fcb4e0e6000-7fcb4e0e8000 rw-p 00181000 08:02 1319675                    /usr/lib/x86_64-linux-gnu/libstdc++.so.6.0.24
7fcb4e0e8000-7fcb4e0eb000 rw-p 00000000 00:00 0 
7fcb4e0eb000-7fcb4ed75000 r-xp 00000000 08:02 2099380                    /usr/lib/jvm/java-8-openjdk-amd64/jre/lib/amd64/server/libjvm.so
7fcb4ed75000-7fcb4ef75000 ---p 00c8a000 08:02 2099380                    /usr/lib/jvm/java-8-openjdk-amd64/jre/lib/amd64/server/libjvm.so
7fcb4ef75000-7fcb4f008000 r--p 00c8a000 08:02 2099380                    /usr/lib/jvm/java-8-openjdk-amd64/jre/lib/amd64/server/libjvm.so
7fcb4f008000-7fcb4f030000 rw-p 00d1d000 08:02 2099380                    /usr/lib/jvm/java-8-openjdk-amd64/jre/lib/amd64/server/libjvm.so
7fcb4f030000-7fcb4f061000 rw-p 00000000 00:00 0 
7fcb4f061000-7fcb4f07b000 r-xp 00000000 08:02 21631527                   /lib/x86_64-linux-gnu/libpthread-2.26.so
7fcb4f07b000-7fcb4f27a000 ---p 0001a000 08:02 21631527                   /lib/x86_64-linux-gnu/libpthread-2.26.so
7fcb4f27a000-7fcb4f27b000 r--p 00019000 08:02 21631527                   /lib/x86_64-linux-gnu/libpthread-2.26.so
7fcb4f27b000-7fcb4f27c000 rw-p 0001a000 08:02 21631527                   /lib/x86_64-linux-gnu/libpthread-2.26.so
7fcb4f27c000-7fcb4f280000 rw-p 00000000 00:00 0 
7fcb4f280000-7fcb4f283000 r-xp 00000000 08:02 21631412                   /lib/x86_64-linux-gnu/libdl-2.26.so
7fcb4f283000-7fcb4f482000 ---p 00003000 08:02 21631412                   /lib/x86_64-linux-gnu/libdl-2.26.so
7fcb4f482000-7fcb4f483000 r--p 00002000 08:02 21631412                   /lib/x86_64-linux-gnu/libdl-2.26.so
7fcb4f483000-7fcb4f484000 rw-p 00003000 08:02 21631412                   /lib/x86_64-linux-gnu/libdl-2.26.so
7fcb4f484000-7fcb4f4a0000 r-xp 00000000 08:02 21631567                   /lib/x86_64-linux-gnu/libz.so.1.2.11
7fcb4f4a0000-7fcb4f69f000 ---p 0001c000 08:02 21631567                   /lib/x86_64-linux-gnu/libz.so.1.2.11
7fcb4f69f000-7fcb4f6a0000 r--p 0001b000 08:02 21631567                   /lib/x86_64-linux-gnu/libz.so.1.2.11
7fcb4f6a0000-7fcb4f6a1000 rw-p 0001c000 08:02 21631567                   /lib/x86_64-linux-gnu/libz.so.1.2.11
7fcb4f6a1000-7fcb4f877000 r-xp 00000000 08:02 21631388                   /lib/x86_64-linux-gnu/libc-2.26.so
7fcb4f877000-7fcb4fa77000 ---p 001d6000 08:02 21631388                   /lib/x86_64-linux-gnu/libc-2.26.so
7fcb4fa77000-7fcb4fa7b000 r--p 001d6000 08:02 21631388                   /lib/x86_64-linux-gnu/libc-2.26.so
7fcb4fa7b000-7fcb4fa7d000 rw-p 001da000 08:02 21631388                   /lib/x86_64-linux-gnu/libc-2.26.so
7fcb4fa7d000-7fcb4fa81000 rw-p 00000000 00:00 0 
7fcb4fa81000-7fcb4fa8f000 r-xp 00000000 08:02 2099276                    /usr/lib/jvm/java-8-openjdk-amd64/jre/lib/amd64/jli/libjli.so
7fcb4fa8f000-7fcb4fc8e000 ---p 0000e000 08:02 2099276                    /usr/lib/jvm/java-8-openjdk-amd64/jre/lib/amd64/jli/libjli.so
7fcb4fc8e000-7fcb4fc8f000 r--p 0000d000 08:02 2099276                    /usr/lib/jvm/java-8-openjdk-amd64/jre/lib/amd64/jli/libjli.so
7fcb4fc8f000-7fcb4fc90000 rw-p 0000e000 08:02 2099276                    /usr/lib/jvm/java-8-openjdk-amd64/jre/lib/amd64/jli/libjli.so
7fcb4fc90000-7fcb4fcb7000 r-xp 00000000 08:02 21631360                   /lib/x86_64-linux-gnu/ld-2.26.so
7fcb4fcb7000-7fcb4fcbc000 r--s 002f9000 08:02 2099381                    /usr/lib/jvm/java-8-openjdk-amd64/jre/lib/charsets.jar
7fcb4fcbc000-7fcb4fcbf000 r--s 00015000 08:02 2099412                    /usr/lib/jvm/java-8-openjdk-amd64/jre/lib/jce.jar
7fcb4fcbf000-7fcb4fcc4000 r--s 0009a000 08:02 2099414                    /usr/lib/jvm/java-8-openjdk-amd64/jre/lib/jsse.jar
7fcb4fcc4000-7fcb4fcc8000 r--s 00037000 08:02 2099399                    /usr/lib/jvm/java-8-openjdk-amd64/jre/lib/ext/sunpkcs11.jar
7fcb4fcc8000-7fcb4fccb000 r--s 0000f000 08:02 2099393                    /usr/lib/jvm/java-8-openjdk-amd64/jre/lib/ext/icedtea-sound.jar
7fcb4fccb000-7fcb4fcd1000 r--s 0003a000 08:02 2099398                    /usr/lib/jvm/java-8-openjdk-amd64/jre/lib/ext/sunjce_provider.jar
7fcb4fcd1000-7fcb4fd93000 rw-p 00000000 00:00 0 
7fcb4fd93000-7fcb4fd96000 ---p 00000000 00:00 0 
7fcb4fd96000-7fcb4fe99000 rw-p 00000000 00:00 0 
7fcb4fe99000-7fcb4fe9a000 r--s 00007000 08:02 30146888                   /home/richard/.m2/repository/org/eclipse/jetty/websocket/websocket-client/9.4.4.v20170414/websocket-client-9.4.4.v20170414.jar
7fcb4fe9a000-7fcb4fe9b000 r--s 00010000 08:02 2099400                    /usr/lib/jvm/java-8-openjdk-amd64/jre/lib/ext/zipfs.jar
7fcb4fe9b000-7fcb4fea5000 r--s 00116000 08:02 2099395                    /usr/lib/jvm/java-8-openjdk-amd64/jre/lib/ext/localedata.jar
7fcb4fea5000-7fcb4fea7000 r--s 00008000 08:02 2099397                    /usr/lib/jvm/java-8-openjdk-amd64/jre/lib/ext/sunec.jar
7fcb4fea7000-7fcb4fea9000 r--s 00001000 08:02 2099392                    /usr/lib/jvm/java-8-openjdk-amd64/jre/lib/ext/dnsns.jar
7fcb4fea9000-7fcb4feaa000 r--s 0000a000 08:02 2099394                    /usr/lib/jvm/java-8-openjdk-amd64/jre/lib/ext/jaccess.jar
7fcb4feaa000-7fcb4feb2000 rw-s 00000000 08:02 23724060                   /tmp/hsperfdata_richard/12990
7fcb4feb2000-7fcb4feb3000 rw-p 00000000 00:00 0 
7fcb4feb3000-7fcb4feb4000 r--p 00000000 00:00 0 
7fcb4feb4000-7fcb4feb7000 rw-p 00000000 00:00 0 
7fcb4feb7000-7fcb4feb8000 r--p 00027000 08:02 21631360                   /lib/x86_64-linux-gnu/ld-2.26.so
7fcb4feb8000-7fcb4feb9000 rw-p 00028000 08:02 21631360                   /lib/x86_64-linux-gnu/ld-2.26.so
7fcb4feb9000-7fcb4feba000 rw-p 00000000 00:00 0 
7ffe0c4d0000-7ffe0c4f2000 rw-p 00000000 00:00 0                          [stack]
7ffe0c4f4000-7ffe0c4f7000 r--p 00000000 00:00 0                          [vvar]
7ffe0c4f7000-7ffe0c4f9000 r-xp 00000000 00:00 0                          [vdso]
ffffffffff600000-ffffffffff601000 r-xp 00000000 00:00 0                  [vsyscall]

VM Arguments:
jvm_args: -agentlib:jdwp=transport=dt_socket,suspend=y,address=localhost:35003 -Xmx12g -XX:+UseG1GC -Dfile.encoding=UTF-8 
java_command: com.rc.Main
java_class_path (initial): /usr/lib/jvm/java-8-openjdk-amd64/jre/lib/resources.jar:/usr/lib/jvm/java-8-openjdk-amd64/jre/lib/rt.jar:/usr/lib/jvm/java-8-openjdk-amd64/jre/lib/jsse.jar:/usr/lib/jvm/java-8-openjdk-amd64/jre/lib/jce.jar:/usr/lib/jvm/java-8-openjdk-amd64/jre/lib/charsets.jar:/usr/lib/jvm/java-8-openjdk-amd64/jre/lib/ext/jaccess.jar:/usr/lib/jvm/java-8-openjdk-amd64/jre/lib/ext/dnsns.jar:/usr/lib/jvm/java-8-openjdk-amd64/jre/lib/ext/sunec.jar:/usr/lib/jvm/java-8-openjdk-amd64/jre/lib/ext/localedata.jar:/usr/lib/jvm/java-8-openjdk-amd64/jre/lib/ext/sunjce_provider.jar:/usr/lib/jvm/java-8-openjdk-amd64/jre/lib/ext/icedtea-sound.jar:/usr/lib/jvm/java-8-openjdk-amd64/jre/lib/ext/zipfs.jar:/usr/lib/jvm/java-8-openjdk-amd64/jre/lib/ext/cldrdata.jar:/usr/lib/jvm/java-8-openjdk-amd64/jre/lib/ext/nashorn.jar:/usr/lib/jvm/java-8-openjdk-amd64/jre/lib/ext/sunpkcs11.jar:/home/richard/workspace/DataSense/target/classes:/home/richard/eclipse/plugins/org.junit_4.12.0.v201504281640/junit.jar:/home/richard/eclipse/plugins/org.hamcrest.core_1.3.0.v201303031735.jar:/home/richard/.m2/repository/net/java/dev/jna/jna/4.5.0/jna-4.5.0.jar:/home/richard/.m2/repository/ch/qos/logback/logback-classic/1.1.8/logback-classic-1.1.8.jar:/home/richard/.m2/repository/ch/qos/logback/logback-core/1.1.8/logback-core-1.1.8.jar:/home/richard/.m2/repository/org/slf4j/slf4j-api/1.7.21/slf4j-api-1.7.21.jar:/home/richard/.m2/repository/net/sf/jopt-simple/jopt-simple/5.0.4/jopt-simple-5.0.4.jar:/home/richard/.m2/repository/com/sparkjava/spark-core/2.6.0/spark-core-2.6.0.jar:/home/richard/.m2/repository/org/eclipse/jetty/jetty-server/9.4.4.v20170414/jetty-server-9.4.4.v20170414.jar:/home/richard/.m2/repository/javax/servlet/javax.servlet-api/3.1.0/javax.servlet-api-3.1.0.jar:/home/richard/.m2/repository/org/eclipse/jetty/jetty-http/9.4.4.v20170414/jetty-http-9.4.4.v20170414.jar:/home/richard/.m2/repository/org/eclipse/jetty/jetty-util/9.4.4.v20170414/jetty-util-9.4.4.v20170414.jar:/home/richard/.m
Launcher Type: SUN_STANDARD

Environment Variables:
PATH=/usr/local/sbin:/usr/local/bin:/usr/sbin:/usr/bin:/sbin:/bin:/usr/games:/usr/local/games:/snap/bin:/home/richard/bin:/usr/local/cuda/bin:/opt
USERNAME=richard
LD_LIBRARY_PATH=:/usr/local/lib:/usr/local/cuda/lib64/
SHELL=/bin/bash
DISPLAY=:1

Signal Handlers:
SIGSEGV: [libjvm.so+0xaa6ae0], sa_mask[0]=11111111011111111101111111111110, sa_flags=SA_RESTART|SA_SIGINFO
SIGBUS: [libjvm.so+0xaa6ae0], sa_mask[0]=11111111011111111101111111111110, sa_flags=SA_RESTART|SA_SIGINFO
SIGFPE: [libjvm.so+0x8ddf00], sa_mask[0]=11111111011111111101111111111110, sa_flags=SA_RESTART|SA_SIGINFO
SIGPIPE: [libjvm.so+0x8ddf00], sa_mask[0]=11111111011111111101111111111110, sa_flags=SA_RESTART|SA_SIGINFO
SIGXFSZ: [libjvm.so+0x8ddf00], sa_mask[0]=11111111011111111101111111111110, sa_flags=SA_RESTART|SA_SIGINFO
SIGILL: [libjvm.so+0x8ddf00], sa_mask[0]=11111111011111111101111111111110, sa_flags=SA_RESTART|SA_SIGINFO
SIGUSR1: SIG_DFL, sa_mask[0]=00000000000000000000000000000000, sa_flags=none
SIGUSR2: [libjvm.so+0x8dddb0], sa_mask[0]=00100000000000000000000000000000, sa_flags=SA_RESTART|SA_SIGINFO
SIGHUP: [libjvm.so+0x8de260], sa_mask[0]=11111111011111111101111111111110, sa_flags=SA_RESTART|SA_SIGINFO
SIGINT: [libjvm.so+0x8de260], sa_mask[0]=11111111011111111101111111111110, sa_flags=SA_RESTART|SA_SIGINFO
SIGTERM: [libjvm.so+0x8de260], sa_mask[0]=11111111011111111101111111111110, sa_flags=SA_RESTART|SA_SIGINFO
SIGQUIT: [libjvm.so+0x8de260], sa_mask[0]=11111111011111111101111111111110, sa_flags=SA_RESTART|SA_SIGINFO


---------------  S Y S T E M  ---------------

OS:DISTRIB_ID=Ubuntu
DISTRIB_RELEASE=17.10
DISTRIB_CODENAME=artful
DISTRIB_DESCRIPTION="Ubuntu 17.10"

uname:Linux 4.13.0-16-generic #19-Ubuntu SMP Wed Oct 11 18:35:14 UTC 2017 x86_64
libc:glibc 2.26 NPTL 2.26 
rlimit: STACK 8192k, CORE 0k, NPROC 62856, NOFILE 4096, AS infinity
load average:0.61 0.65 0.58

/proc/meminfo:
MemTotal:       16362100 kB
MemFree:         2399324 kB
MemAvailable:   10178224 kB
Buffers:          464048 kB
Cached:          6408136 kB
SwapCached:            0 kB
Active:          6287296 kB
Inactive:        6825524 kB
Active(anon):    4762604 kB
Inactive(anon):   597456 kB
Active(file):    1524692 kB
Inactive(file):  6228068 kB
Unevictable:          48 kB
Mlocked:              48 kB
SwapTotal:       2097148 kB
SwapFree:        2097148 kB
Dirty:               128 kB
Writeback:             0 kB
AnonPages:       6240744 kB
Mapped:           785456 kB
Shmem:            139988 kB
Slab:             476600 kB
SReclaimable:     364804 kB
SUnreclaim:       111796 kB
KernelStack:       16192 kB
PageTables:        65276 kB
NFS_Unstable:          0 kB
Bounce:                0 kB
WritebackTmp:          0 kB
CommitLimit:    10278196 kB
Committed_AS:   10776032 kB
VmallocTotal:   34359738367 kB
VmallocUsed:           0 kB
VmallocChunk:          0 kB
HardwareCorrupted:     0 kB
AnonHugePages:         0 kB
ShmemHugePages:        0 kB
ShmemPmdMapped:        0 kB
CmaTotal:              0 kB
CmaFree:               0 kB
HugePages_Total:       0
HugePages_Free:        0
HugePages_Rsvd:        0
HugePages_Surp:        0
Hugepagesize:       2048 kB
DirectMap4k:      855132 kB
DirectMap2M:    14807040 kB
DirectMap1G:     2097152 kB


CPU:total 8 (initial active 8) (4 cores per cpu, 2 threads per core) family 6 model 158 stepping 9, cmov, cx8, fxsr, mmx, sse, sse2, sse3, ssse3, sse4.1, sse4.2, popcnt, avx, avx2, aes, clmul, erms, rtm, 3dnowpref, lzcnt, ht, tsc, tscinvbit, bmi1, bmi2, adx

/proc/cpuinfo:
processor	: 0
vendor_id	: GenuineIntel
cpu family	: 6
model		: 158
model name	: Intel(R) Core(TM) i7-7700 CPU @ 3.60GHz
stepping	: 9
microcode	: 0x5e
cpu MHz		: 3600.000
cache size	: 8192 KB
physical id	: 0
siblings	: 8
core id		: 0
cpu cores	: 4
apicid		: 0
initial apicid	: 0
fpu		: yes
fpu_exception	: yes
cpuid level	: 22
wp		: yes
flags		: fpu vme de pse tsc msr pae mce cx8 apic sep mtrr pge mca cmov pat pse36 clflush dts acpi mmx fxsr sse sse2 ss ht tm pbe syscall nx pdpe1gb rdtscp lm constant_tsc art arch_perfmon pebs bts rep_good nopl xtopology nonstop_tsc cpuid aperfmperf tsc_known_freq pni pclmulqdq dtes64 monitor ds_cpl vmx smx est tm2 ssse3 sdbg fma cx16 xtpr pdcm pcid sse4_1 sse4_2 x2apic movbe popcnt tsc_deadline_timer aes xsave avx f16c rdrand lahf_lm abm 3dnowprefetch cpuid_fault intel_pt tpr_shadow vnmi flexpriority ept vpid fsgsbase tsc_adjust bmi1 hle avx2 smep bmi2 erms invpcid rtm mpx rdseed adx smap clflushopt xsaveopt xsavec xgetbv1 xsaves dtherm ida arat pln pts hwp hwp_notify hwp_act_window hwp_epp
bugs		:
bogomips	: 7200.00
clflush size	: 64
cache_alignment	: 64
address sizes	: 39 bits physical, 48 bits virtual
power management:

processor	: 1
vendor_id	: GenuineIntel
cpu family	: 6
model		: 158
model name	: Intel(R) Core(TM) i7-7700 CPU @ 3.60GHz
stepping	: 9
microcode	: 0x5e
cpu MHz		: 3600.000
cache size	: 8192 KB
physical id	: 0
siblings	: 8
core id		: 1
cpu cores	: 4
apicid		: 2
initial apicid	: 2
fpu		: yes
fpu_exception	: yes
cpuid level	: 22
wp		: yes
flags		: fpu vme de pse tsc msr pae mce cx8 apic sep mtrr pge mca cmov pat pse36 clflush dts acpi mmx fxsr sse sse2 ss ht tm pbe syscall nx pdpe1gb rdtscp lm constant_tsc art arch_perfmon pebs bts rep_good nopl xtopology nonstop_tsc cpuid aperfmperf tsc_known_freq pni pclmulqdq dtes64 monitor ds_cpl vmx smx est tm2 ssse3 sdbg fma cx16 xtpr pdcm pcid sse4_1 sse4_2 x2apic movbe popcnt tsc_deadline_timer aes xsave avx f16c rdrand lahf_lm abm 3dnowprefetch cpuid_fault intel_pt tpr_shadow vnmi flexpriority ept vpid fsgsbase tsc_adjust bmi1 hle avx2 smep bmi2 erms invpcid rtm mpx rdseed adx smap clflushopt xsaveopt xsavec xgetbv1 xsaves dtherm ida arat pln pts hwp hwp_notify hwp_act_window hwp_epp
bugs		:
bogomips	: 7200.00
clflush size	: 64
cache_alignment	: 64
address sizes	: 39 bits physical, 48 bits virtual
power management:

processor	: 2
vendor_id	: GenuineIntel
cpu family	: 6
model		: 158
model name	: Intel(R) Core(TM) i7-7700 CPU @ 3.60GHz
stepping	: 9
microcode	: 0x5e
cpu MHz		: 3600.000
cache size	: 8192 KB
physical id	: 0
siblings	: 8
core id		: 2
cpu cores	: 4
apicid		: 4
initial apicid	: 4
fpu		: yes
fpu_exception	: yes
cpuid level	: 22
wp		: yes
flags		: fpu vme de pse tsc msr pae mce cx8 apic sep mtrr pge mca cmov pat pse36 clflush dts acpi mmx fxsr sse sse2 ss ht tm pbe syscall nx pdpe1gb rdtscp lm constant_tsc art arch_perfmon pebs bts rep_good nopl xtopology nonstop_tsc cpuid aperfmperf tsc_known_freq pni pclmulqdq dtes64 monitor ds_cpl vmx smx est tm2 ssse3 sdbg fma cx16 xtpr pdcm pcid sse4_1 sse4_2 x2apic movbe popcnt tsc_deadline_timer aes xsave avx f16c rdrand lahf_lm abm 3dnowprefetch cpuid_fault intel_pt tpr_shadow vnmi flexpriority ept vpid fsgsbase tsc_adjust bmi1 hle avx2 smep bmi2 erms invpcid rtm mpx rdseed adx smap clflushopt xsaveopt xsavec xgetbv1 xsaves dtherm ida arat pln pts hwp hwp_notify hwp_act_window hwp_epp
bugs		:
bogomips	: 7200.00
clflush size	: 64
cache_alignment	: 64
address sizes	: 39 bits physical, 48 bits virtual
power management:

processor	: 3
vendor_id	: GenuineIntel
cpu family	: 6
model		: 158
model name	: Intel(R) Core(TM) i7-7700 CPU @ 3.60GHz
stepping	: 9
microcode	: 0x5e
cpu MHz		: 3600.000
cache size	: 8192 KB
physical id	: 0
siblings	: 8
core id		: 3
cpu cores	: 4
apicid		: 6
initial apicid	: 6
fpu		: yes
fpu_exception	: yes
cpuid level	: 22
wp		: yes
flags		: fpu vme de pse tsc msr pae mce cx8 apic sep mtrr pge mca cmov pat pse36 clflush dts acpi mmx fxsr sse sse2 ss ht tm pbe syscall nx pdpe1gb rdtscp lm constant_tsc art arch_perfmon pebs bts rep_good nopl xtopology nonstop_tsc cpuid aperfmperf tsc_known_freq pni pclmulqdq dtes64 monitor ds_cpl vmx smx est tm2 ssse3 sdbg fma cx16 xtpr pdcm pcid sse4_1 sse4_2 x2apic movbe popcnt tsc_deadline_timer aes xsave avx f16c rdrand lahf_lm abm 3dnowprefetch cpuid_fault intel_pt tpr_shadow vnmi flexpriority ept vpid fsgsbase tsc_adjust bmi1 hle avx2 smep bmi2 erms invpcid rtm mpx rdseed adx smap clflushopt xsaveopt xsavec xgetbv1 xsaves dtherm ida arat pln pts hwp hwp_notify hwp_act_window hwp_epp
bugs		:
bogomips	: 7200.00
clflush size	: 64
cache_alignment	: 64
address sizes	: 39 bits physical, 48 bits virtual
power management:

processor	: 4
vendor_id	: GenuineIntel
cpu family	: 6
model		: 158
model name	: Intel(R) Core(TM) i7-7700 CPU @ 3.60GHz
stepping	: 9
microcode	: 0x5e
cpu MHz		: 3600.000
cache size	: 8192 KB
physical id	: 0
siblings	: 8
core id		: 0
cpu cores	: 4
apicid		: 1
initial apicid	: 1
fpu		: yes
fpu_exception	: yes
cpuid level	: 22
wp		: yes
flags		: fpu vme de pse tsc msr pae mce cx8 apic sep mtrr pge mca cmov pat pse36 clflush dts acpi mmx fxsr sse sse2 ss ht tm pbe syscall nx pdpe1gb rdtscp lm constant_tsc art arch_perfmon pebs bts rep_good nopl xtopology nonstop_tsc cpuid aperfmperf tsc_known_freq pni pclmulqdq dtes64 monitor ds_cpl vmx smx est tm2 ssse3 sdbg fma cx16 xtpr pdcm pcid sse4_1 sse4_2 x2apic movbe popcnt tsc_deadline_timer aes xsave avx f16c rdrand lahf_lm abm 3dnowprefetch cpuid_fault intel_pt tpr_shadow vnmi flexpriority ept vpid fsgsbase tsc_adjust bmi1 hle avx2 smep bmi2 erms invpcid rtm mpx rdseed adx smap clflushopt xsaveopt xsavec xgetbv1 xsaves dtherm ida arat pln pts hwp hwp_notify hwp_act_window hwp_epp
bugs		:
bogomips	: 7200.00
clflush size	: 64
cache_alignment	: 64
address sizes	: 39 bits physical, 48 bits virtual
power management:

processor	: 5
vendor_id	: GenuineIntel
cpu family	: 6
model		: 158
model name	: Intel(R) Core(TM) i7-7700 CPU @ 3.60GHz
stepping	: 9
microcode	: 0x5e
cpu MHz		: 3600.000
cache size	: 8192 KB
physical id	: 0
siblings	: 8
core id		: 1
cpu cores	: 4
apicid		: 3
initial apicid	: 3
fpu		: yes
fpu_exception	: yes
cpuid level	: 22
wp		: yes
flags		: fpu vme de pse tsc msr pae mce cx8 apic sep mtrr pge mca cmov pat pse36 clflush dts acpi mmx fxsr sse sse2 ss ht tm pbe syscall nx pdpe1gb rdtscp lm constant_tsc art arch_perfmon pebs bts rep_good nopl xtopology nonstop_tsc cpuid aperfmperf tsc_known_freq pni pclmulqdq dtes64 monitor ds_cpl vmx smx est tm2 ssse3 sdbg fma cx16 xtpr pdcm pcid sse4_1 sse4_2 x2apic movbe popcnt tsc_deadline_timer aes xsave avx f16c rdrand lahf_lm abm 3dnowprefetch cpuid_fault intel_pt tpr_shadow vnmi flexpriority ept vpid fsgsbase tsc_adjust bmi1 hle avx2 smep bmi2 erms invpcid rtm mpx rdseed adx smap clflushopt xsaveopt xsavec xgetbv1 xsaves dtherm ida arat pln pts hwp hwp_notify hwp_act_window hwp_epp
bugs		:
bogomips	: 7200.00
clflush size	: 64
cache_alignment	: 64
address sizes	: 39 bits physical, 48 bits virtual
power management:

processor	: 6
vendor_id	: GenuineIntel
cpu family	: 6
model		: 158
model name	: Intel(R) Core(TM) i7-7700 CPU @ 3.60GHz
stepping	: 9
microcode	: 0x5e
cpu MHz		: 3600.000
cache size	: 8192 KB
physical id	: 0
siblings	: 8
core id		: 2
cpu cores	: 4
apicid		: 5
initial apicid	: 5
fpu		: yes
fpu_exception	: yes
cpuid level	: 22
wp		: yes
flags		: fpu vme de pse tsc msr pae mce cx8 apic sep mtrr pge mca cmov pat pse36 clflush dts acpi mmx fxsr sse sse2 ss ht tm pbe syscall nx pdpe1gb rdtscp lm constant_tsc art arch_perfmon pebs bts rep_good nopl xtopology nonstop_tsc cpuid aperfmperf tsc_known_freq pni pclmulqdq dtes64 monitor ds_cpl vmx smx est tm2 ssse3 sdbg fma cx16 xtpr pdcm pcid sse4_1 sse4_2 x2apic movbe popcnt tsc_deadline_timer aes xsave avx f16c rdrand lahf_lm abm 3dnowprefetch cpuid_fault intel_pt tpr_shadow vnmi flexpriority ept vpid fsgsbase tsc_adjust bmi1 hle avx2 smep bmi2 erms invpcid rtm mpx rdseed adx smap clflushopt xsaveopt xsavec xgetbv1 xsaves dtherm ida arat pln pts hwp hwp_notify hwp_act_window hwp_epp
bugs		:
bogomips	: 7200.00
clflush size	: 64
cache_alignment	: 64
address sizes	: 39 bits physical, 48 bits virtual
power management:

processor	: 7
vendor_id	: GenuineIntel
cpu family	: 6
model		: 158
model name	: Intel(R) Core(TM) i7-7700 CPU @ 3.60GHz
stepping	: 9
microcode	: 0x5e
cpu MHz		: 3600.000
cache size	: 8192 KB
physical id	: 0
siblings	: 8
core id		: 3
cpu cores	: 4
apicid		: 7
initial apicid	: 7
fpu		: yes
fpu_exception	: yes
cpuid level	: 22
wp		: yes
flags		: fpu vme de pse tsc msr pae mce cx8 apic sep mtrr pge mca cmov pat pse36 clflush dts acpi mmx fxsr sse sse2 ss ht tm pbe syscall nx pdpe1gb rdtscp lm constant_tsc art arch_perfmon pebs bts rep_good nopl xtopology nonstop_tsc cpuid aperfmperf tsc_known_freq pni pclmulqdq dtes64 monitor ds_cpl vmx smx est tm2 ssse3 sdbg fma cx16 xtpr pdcm pcid sse4_1 sse4_2 x2apic movbe popcnt tsc_deadline_timer aes xsave avx f16c rdrand lahf_lm abm 3dnowprefetch cpuid_fault intel_pt tpr_shadow vnmi flexpriority ept vpid fsgsbase tsc_adjust bmi1 hle avx2 smep bmi2 erms invpcid rtm mpx rdseed adx smap clflushopt xsaveopt xsavec xgetbv1 xsaves dtherm ida arat pln pts hwp hwp_notify hwp_act_window hwp_epp
bugs		:
bogomips	: 7200.00
clflush size	: 64
cache_alignment	: 64
address sizes	: 39 bits physical, 48 bits virtual
power management:



Memory: 4k page, physical 16362100k(2399324k free), swap 2097148k(2097148k free)

vm_info: OpenJDK 64-Bit Server VM (25.151-b12) for linux-amd64 JRE (1.8.0_151-8u151-b12-0ubuntu0.17.10.2-b12), built on Oct 23 2017 22:43:02 by "buildd" with gcc 7.2.0

time: Thu Nov 16 19:19:23 2017
elapsed time: 95 seconds (0d 0h 1m 35s)

